{"/Users/joannewang/Downloads/hw4/src/App.js": {"path":"/Users/joannewang/Downloads/hw4/src/App.js","statementMap":{"0":{"start":{"line":27,"column":20},"end":{"line":31,"column":1}},"1":{"start":{"line":33,"column":15},"end":{"line":68,"column":1}},"2":{"start":{"line":34,"column":2},"end":{"line":67,"column":8}},"3":{"start":{"line":70,"column":23},"end":{"line":78,"column":1}},"4":{"start":{"line":71,"column":26},"end":{"line":71,"column":60}},"5":{"start":{"line":71,"column":49},"end":{"line":71,"column":59}},"6":{"start":{"line":73,"column":2},"end":{"line":75,"column":3}},"7":{"start":{"line":74,"column":4},"end":{"line":74,"column":36}},"8":{"start":{"line":77,"column":2},"end":{"line":77,"column":20}},"9":{"start":{"line":80,"column":19},"end":{"line":88,"column":1}},"10":{"start":{"line":81,"column":26},"end":{"line":81,"column":60}},"11":{"start":{"line":81,"column":49},"end":{"line":81,"column":59}},"12":{"start":{"line":83,"column":2},"end":{"line":85,"column":3}},"13":{"start":{"line":84,"column":4},"end":{"line":84,"column":31}},"14":{"start":{"line":87,"column":2},"end":{"line":87,"column":18}},"15":{"start":{"line":91,"column":26},"end":{"line":91,"column":60}},"16":{"start":{"line":91,"column":49},"end":{"line":91,"column":59}},"17":{"start":{"line":92,"column":23},"end":{"line":92,"column":50}},"18":{"start":{"line":93,"column":38},"end":{"line":93,"column":50}},"19":{"start":{"line":95,"column":2},"end":{"line":117,"column":4}}},"fnMap":{"0":{"name":"(anonymous_0)","decl":{"start":{"line":33,"column":15},"end":{"line":33,"column":16}},"loc":{"start":{"line":34,"column":2},"end":{"line":67,"column":8}},"line":34},"1":{"name":"(anonymous_1)","decl":{"start":{"line":70,"column":23},"end":{"line":70,"column":24}},"loc":{"start":{"line":70,"column":29},"end":{"line":78,"column":1}},"line":70},"2":{"name":"(anonymous_2)","decl":{"start":{"line":71,"column":38},"end":{"line":71,"column":39}},"loc":{"start":{"line":71,"column":49},"end":{"line":71,"column":59}},"line":71},"3":{"name":"(anonymous_3)","decl":{"start":{"line":80,"column":19},"end":{"line":80,"column":20}},"loc":{"start":{"line":80,"column":37},"end":{"line":88,"column":1}},"line":80},"4":{"name":"(anonymous_4)","decl":{"start":{"line":81,"column":38},"end":{"line":81,"column":39}},"loc":{"start":{"line":81,"column":49},"end":{"line":81,"column":59}},"line":81},"5":{"name":"App","decl":{"start":{"line":90,"column":9},"end":{"line":90,"column":12}},"loc":{"start":{"line":90,"column":15},"end":{"line":118,"column":1}},"line":90},"6":{"name":"(anonymous_6)","decl":{"start":{"line":91,"column":38},"end":{"line":91,"column":39}},"loc":{"start":{"line":91,"column":49},"end":{"line":91,"column":59}},"line":91}},"branchMap":{"0":{"loc":{"start":{"line":73,"column":2},"end":{"line":75,"column":3}},"type":"if","locations":[{"start":{"line":73,"column":2},"end":{"line":75,"column":3}},{"start":{},"end":{}}],"line":73},"1":{"loc":{"start":{"line":83,"column":2},"end":{"line":85,"column":3}},"type":"if","locations":[{"start":{"line":83,"column":2},"end":{"line":85,"column":3}},{"start":{},"end":{}}],"line":83},"2":{"loc":{"start":{"line":106,"column":21},"end":{"line":106,"column":72}},"type":"cond-expr","locations":[{"start":{"line":106,"column":35},"end":{"line":106,"column":45}},{"start":{"line":106,"column":48},"end":{"line":106,"column":72}}],"line":106}},"s":{"0":0,"1":0,"2":0,"3":0,"4":0,"5":0,"6":0,"7":0,"8":0,"9":0,"10":0,"11":0,"12":0,"13":0,"14":0,"15":0,"16":0,"17":0,"18":0,"19":0},"f":{"0":0,"1":0,"2":0,"3":0,"4":0,"5":0,"6":0},"b":{"0":[0,0],"1":[0,0],"2":[0,0]}}
,"/Users/joannewang/Downloads/hw4/src/store.js": {"path":"/Users/joannewang/Downloads/hw4/src/store.js","statementMap":{"0":{"start":{"line":13,"column":22},"end":{"line":17,"column":1}},"1":{"start":{"line":19,"column":27},"end":{"line":23,"column":2}},"2":{"start":{"line":25,"column":25},"end":{"line":25,"column":67}},"3":{"start":{"line":27,"column":14},"end":{"line":34,"column":2}},"4":{"start":{"line":36,"column":25},"end":{"line":36,"column":44}}},"fnMap":{},"branchMap":{},"s":{"0":0,"1":0,"2":0,"3":0,"4":0},"f":{},"b":{}}
,"/Users/joannewang/Downloads/hw4/src/actions/authActions.js": {"path":"/Users/joannewang/Downloads/hw4/src/actions/authActions.js","statementMap":{"0":{"start":{"line":4,"column":21},"end":{"line":4,"column":47}},"1":{"start":{"line":5,"column":24},"end":{"line":5,"column":53}},"2":{"start":{"line":6,"column":22},"end":{"line":6,"column":49}}},"fnMap":{},"branchMap":{},"s":{"0":4,"1":4,"2":4},"f":{},"b":{},"_coverageSchema":"1a1c01bbd47fc00a2c39e90264f33305004495a9","hash":"8037af340a52150063a6135f735c20afd735c5b7"}
,"/Users/joannewang/Downloads/hw4/src/actions/postsActions.js": {"path":"/Users/joannewang/Downloads/hw4/src/actions/postsActions.js","statementMap":{"0":{"start":{"line":3,"column":24},"end":{"line":3,"column":34}},"1":{"start":{"line":4,"column":27},"end":{"line":4,"column":40}},"2":{"start":{"line":5,"column":28},"end":{"line":5,"column":42}},"3":{"start":{"line":6,"column":25},"end":{"line":6,"column":36}},"4":{"start":{"line":8,"column":23},"end":{"line":11,"column":2}},"5":{"start":{"line":8,"column":34},"end":{"line":11,"column":1}},"6":{"start":{"line":13,"column":24},"end":{"line":16,"column":2}},"7":{"start":{"line":13,"column":36},"end":{"line":16,"column":1}},"8":{"start":{"line":18,"column":26},"end":{"line":21,"column":2}},"9":{"start":{"line":18,"column":40},"end":{"line":21,"column":1}},"10":{"start":{"line":23,"column":27},"end":{"line":26,"column":2}},"11":{"start":{"line":23,"column":42},"end":{"line":26,"column":1}}},"fnMap":{"0":{"name":"(anonymous_0)","decl":{"start":{"line":8,"column":23},"end":{"line":8,"column":24}},"loc":{"start":{"line":8,"column":34},"end":{"line":11,"column":1}},"line":8},"1":{"name":"(anonymous_1)","decl":{"start":{"line":13,"column":24},"end":{"line":13,"column":25}},"loc":{"start":{"line":13,"column":36},"end":{"line":16,"column":1}},"line":13},"2":{"name":"(anonymous_2)","decl":{"start":{"line":18,"column":26},"end":{"line":18,"column":27}},"loc":{"start":{"line":18,"column":40},"end":{"line":21,"column":1}},"line":18},"3":{"name":"(anonymous_3)","decl":{"start":{"line":23,"column":27},"end":{"line":23,"column":28}},"loc":{"start":{"line":23,"column":42},"end":{"line":26,"column":1}},"line":23}},"branchMap":{},"s":{"0":1,"1":1,"2":1,"3":1,"4":1,"5":0,"6":1,"7":7,"8":1,"9":0,"10":1,"11":0},"f":{"0":0,"1":7,"2":0,"3":0},"b":{},"_coverageSchema":"1a1c01bbd47fc00a2c39e90264f33305004495a9","hash":"1fc0fe0a963423d09703446f0c4e6020e01f363f"}
,"/Users/joannewang/Downloads/hw4/src/components/comments/Comments.jsx": {"path":"/Users/joannewang/Downloads/hw4/src/components/comments/Comments.jsx","statementMap":{"0":{"start":{"line":11,"column":19},"end":{"line":22,"column":1}},"1":{"start":{"line":24,"column":22},"end":{"line":32,"column":1}},"2":{"start":{"line":34,"column":17},"end":{"line":79,"column":1}},"3":{"start":{"line":35,"column":19},"end":{"line":35,"column":32}},"4":{"start":{"line":36,"column":19},"end":{"line":36,"column":46}},"5":{"start":{"line":37,"column":22},"end":{"line":37,"column":45}},"6":{"start":{"line":38,"column":38},"end":{"line":38,"column":50}},"7":{"start":{"line":40,"column":26},"end":{"line":53,"column":3}},"8":{"start":{"line":41,"column":4},"end":{"line":52,"column":5}},"9":{"start":{"line":42,"column":25},"end":{"line":48,"column":7}},"10":{"start":{"line":50,"column":6},"end":{"line":50,"column":39}},"11":{"start":{"line":51,"column":6},"end":{"line":51,"column":24}},"12":{"start":{"line":55,"column":2},"end":{"line":78,"column":4}},"13":{"start":{"line":63,"column":27},"end":{"line":63,"column":56}},"14":{"start":{"line":65,"column":38},"end":{"line":65,"column":55}},"15":{"start":{"line":68,"column":8},"end":{"line":75,"column":14}}},"fnMap":{"0":{"name":"(anonymous_0)","decl":{"start":{"line":34,"column":17},"end":{"line":34,"column":18}},"loc":{"start":{"line":34,"column":23},"end":{"line":79,"column":1}},"line":34},"1":{"name":"(anonymous_1)","decl":{"start":{"line":40,"column":26},"end":{"line":40,"column":27}},"loc":{"start":{"line":40,"column":32},"end":{"line":53,"column":3}},"line":40},"2":{"name":"(anonymous_2)","decl":{"start":{"line":63,"column":20},"end":{"line":63,"column":21}},"loc":{"start":{"line":63,"column":27},"end":{"line":63,"column":56}},"line":63},"3":{"name":"(anonymous_3)","decl":{"start":{"line":65,"column":32},"end":{"line":65,"column":33}},"loc":{"start":{"line":65,"column":38},"end":{"line":65,"column":55}},"line":65},"4":{"name":"(anonymous_4)","decl":{"start":{"line":67,"column":20},"end":{"line":67,"column":21}},"loc":{"start":{"line":68,"column":8},"end":{"line":75,"column":14}},"line":68}},"branchMap":{"0":{"loc":{"start":{"line":41,"column":4},"end":{"line":52,"column":5}},"type":"if","locations":[{"start":{"line":41,"column":4},"end":{"line":52,"column":5}},{"start":{},"end":{}}],"line":41}},"s":{"0":1,"1":1,"2":1,"3":0,"4":0,"5":0,"6":0,"7":0,"8":0,"9":0,"10":0,"11":0,"12":0,"13":0,"14":0,"15":0},"f":{"0":0,"1":0,"2":0,"3":0,"4":0},"b":{"0":[0,0]},"_coverageSchema":"1a1c01bbd47fc00a2c39e90264f33305004495a9","hash":"c08559f5c0b2bfbc0f4ffe34c8170444a9135ae3"}
,"/Users/joannewang/Downloads/hw4/src/components/modal/EditProfileModal.jsx": {"path":"/Users/joannewang/Downloads/hw4/src/components/modal/EditProfileModal.jsx","statementMap":{"0":{"start":{"line":10,"column":0},"end":{"line":10,"column":29}},"1":{"start":{"line":12,"column":21},"end":{"line":38,"column":1}},"2":{"start":{"line":40,"column":19},"end":{"line":62,"column":1}},"3":{"start":{"line":63,"column":25},"end":{"line":295,"column":1}},"4":{"start":{"line":64,"column":44},"end":{"line":64,"column":56}},"5":{"start":{"line":65,"column":38},"end":{"line":65,"column":50}},"6":{"start":{"line":66,"column":38},"end":{"line":66,"column":50}},"7":{"start":{"line":67,"column":42},"end":{"line":67,"column":54}},"8":{"start":{"line":68,"column":44},"end":{"line":68,"column":56}},"9":{"start":{"line":70,"column":34},"end":{"line":76,"column":4}},"10":{"start":{"line":78,"column":2},"end":{"line":92,"column":13}},"11":{"start":{"line":79,"column":4},"end":{"line":87,"column":5}},"12":{"start":{"line":80,"column":6},"end":{"line":86,"column":9}},"13":{"start":{"line":88,"column":4},"end":{"line":91,"column":7}},"14":{"start":{"line":94,"column":22},"end":{"line":97,"column":3}},"15":{"start":{"line":95,"column":4},"end":{"line":95,"column":50}},"16":{"start":{"line":96,"column":4},"end":{"line":96,"column":21}},"17":{"start":{"line":116,"column":21},"end":{"line":126,"column":3}},"18":{"start":{"line":117,"column":4},"end":{"line":125,"column":5}},"19":{"start":{"line":118,"column":6},"end":{"line":118,"column":59}},"20":{"start":{"line":119,"column":6},"end":{"line":121,"column":25}},"21":{"start":{"line":123,"column":6},"end":{"line":123,"column":24}},"22":{"start":{"line":124,"column":6},"end":{"line":124,"column":57}},"23":{"start":{"line":128,"column":21},"end":{"line":138,"column":3}},"24":{"start":{"line":129,"column":4},"end":{"line":137,"column":5}},"25":{"start":{"line":130,"column":6},"end":{"line":130,"column":65}},"26":{"start":{"line":131,"column":6},"end":{"line":133,"column":25}},"27":{"start":{"line":135,"column":6},"end":{"line":135,"column":24}},"28":{"start":{"line":136,"column":6},"end":{"line":136,"column":57}},"29":{"start":{"line":140,"column":23},"end":{"line":150,"column":3}},"30":{"start":{"line":141,"column":4},"end":{"line":149,"column":5}},"31":{"start":{"line":142,"column":6},"end":{"line":142,"column":72}},"32":{"start":{"line":143,"column":6},"end":{"line":145,"column":25}},"33":{"start":{"line":147,"column":6},"end":{"line":147,"column":26}},"34":{"start":{"line":148,"column":6},"end":{"line":148,"column":59}},"35":{"start":{"line":152,"column":24},"end":{"line":162,"column":3}},"36":{"start":{"line":153,"column":4},"end":{"line":161,"column":5}},"37":{"start":{"line":154,"column":6},"end":{"line":154,"column":42}},"38":{"start":{"line":155,"column":6},"end":{"line":157,"column":25}},"39":{"start":{"line":159,"column":6},"end":{"line":159,"column":27}},"40":{"start":{"line":160,"column":6},"end":{"line":160,"column":60}},"41":{"start":{"line":164,"column":23},"end":{"line":183,"column":3}},"42":{"start":{"line":165,"column":28},"end":{"line":165,"column":36}},"43":{"start":{"line":166,"column":4},"end":{"line":166,"column":64}},"44":{"start":{"line":166,"column":31},"end":{"line":166,"column":61}},"45":{"start":{"line":171,"column":4},"end":{"line":173,"column":5}},"46":{"start":{"line":172,"column":6},"end":{"line":172,"column":24}},"47":{"start":{"line":174,"column":4},"end":{"line":176,"column":5}},"48":{"start":{"line":175,"column":6},"end":{"line":175,"column":24}},"49":{"start":{"line":177,"column":4},"end":{"line":179,"column":5}},"50":{"start":{"line":178,"column":6},"end":{"line":178,"column":26}},"51":{"start":{"line":180,"column":4},"end":{"line":182,"column":5}},"52":{"start":{"line":181,"column":6},"end":{"line":181,"column":27}},"53":{"start":{"line":185,"column":23},"end":{"line":197,"column":3}},"54":{"start":{"line":186,"column":4},"end":{"line":186,"column":23}},"55":{"start":{"line":188,"column":4},"end":{"line":196,"column":5}},"56":{"start":{"line":195,"column":6},"end":{"line":195,"column":25}},"57":{"start":{"line":199,"column":2},"end":{"line":294,"column":4}}},"fnMap":{"0":{"name":"(anonymous_0)","decl":{"start":{"line":63,"column":25},"end":{"line":63,"column":26}},"loc":{"start":{"line":63,"column":73},"end":{"line":295,"column":1}},"line":63},"1":{"name":"(anonymous_1)","decl":{"start":{"line":78,"column":12},"end":{"line":78,"column":13}},"loc":{"start":{"line":78,"column":18},"end":{"line":92,"column":3}},"line":78},"2":{"name":"(anonymous_2)","decl":{"start":{"line":94,"column":22},"end":{"line":94,"column":23}},"loc":{"start":{"line":94,"column":28},"end":{"line":97,"column":3}},"line":94},"3":{"name":"(anonymous_3)","decl":{"start":{"line":116,"column":21},"end":{"line":116,"column":22}},"loc":{"start":{"line":116,"column":37},"end":{"line":126,"column":3}},"line":116},"4":{"name":"(anonymous_4)","decl":{"start":{"line":128,"column":21},"end":{"line":128,"column":22}},"loc":{"start":{"line":128,"column":37},"end":{"line":138,"column":3}},"line":128},"5":{"name":"(anonymous_5)","decl":{"start":{"line":140,"column":23},"end":{"line":140,"column":24}},"loc":{"start":{"line":140,"column":37},"end":{"line":150,"column":3}},"line":140},"6":{"name":"(anonymous_6)","decl":{"start":{"line":152,"column":24},"end":{"line":152,"column":25}},"loc":{"start":{"line":152,"column":43},"end":{"line":162,"column":3}},"line":152},"7":{"name":"(anonymous_7)","decl":{"start":{"line":164,"column":23},"end":{"line":164,"column":24}},"loc":{"start":{"line":164,"column":30},"end":{"line":183,"column":3}},"line":164},"8":{"name":"(anonymous_8)","decl":{"start":{"line":166,"column":16},"end":{"line":166,"column":17}},"loc":{"start":{"line":166,"column":31},"end":{"line":166,"column":61}},"line":166},"9":{"name":"(anonymous_9)","decl":{"start":{"line":185,"column":23},"end":{"line":185,"column":24}},"loc":{"start":{"line":185,"column":30},"end":{"line":197,"column":3}},"line":185}},"branchMap":{"0":{"loc":{"start":{"line":79,"column":4},"end":{"line":87,"column":5}},"type":"if","locations":[{"start":{"line":79,"column":4},"end":{"line":87,"column":5}},{"start":{},"end":{}}],"line":79},"1":{"loc":{"start":{"line":117,"column":4},"end":{"line":125,"column":5}},"type":"if","locations":[{"start":{"line":117,"column":4},"end":{"line":125,"column":5}},{"start":{"line":122,"column":11},"end":{"line":125,"column":5}}],"line":117},"2":{"loc":{"start":{"line":129,"column":4},"end":{"line":137,"column":5}},"type":"if","locations":[{"start":{"line":129,"column":4},"end":{"line":137,"column":5}},{"start":{"line":134,"column":11},"end":{"line":137,"column":5}}],"line":129},"3":{"loc":{"start":{"line":141,"column":4},"end":{"line":149,"column":5}},"type":"if","locations":[{"start":{"line":141,"column":4},"end":{"line":149,"column":5}},{"start":{"line":146,"column":11},"end":{"line":149,"column":5}}],"line":141},"4":{"loc":{"start":{"line":153,"column":4},"end":{"line":161,"column":5}},"type":"if","locations":[{"start":{"line":153,"column":4},"end":{"line":161,"column":5}},{"start":{"line":158,"column":11},"end":{"line":161,"column":5}}],"line":153},"5":{"loc":{"start":{"line":171,"column":4},"end":{"line":173,"column":5}},"type":"if","locations":[{"start":{"line":171,"column":4},"end":{"line":173,"column":5}},{"start":{},"end":{}}],"line":171},"6":{"loc":{"start":{"line":174,"column":4},"end":{"line":176,"column":5}},"type":"if","locations":[{"start":{"line":174,"column":4},"end":{"line":176,"column":5}},{"start":{},"end":{}}],"line":174},"7":{"loc":{"start":{"line":177,"column":4},"end":{"line":179,"column":5}},"type":"if","locations":[{"start":{"line":177,"column":4},"end":{"line":179,"column":5}},{"start":{},"end":{}}],"line":177},"8":{"loc":{"start":{"line":180,"column":4},"end":{"line":182,"column":5}},"type":"if","locations":[{"start":{"line":180,"column":4},"end":{"line":182,"column":5}},{"start":{},"end":{}}],"line":180},"9":{"loc":{"start":{"line":188,"column":4},"end":{"line":196,"column":5}},"type":"if","locations":[{"start":{"line":188,"column":4},"end":{"line":196,"column":5}},{"start":{},"end":{}}],"line":188},"10":{"loc":{"start":{"line":190,"column":6},"end":{"line":193,"column":20}},"type":"binary-expr","locations":[{"start":{"line":190,"column":6},"end":{"line":190,"column":17}},{"start":{"line":191,"column":6},"end":{"line":191,"column":17}},{"start":{"line":192,"column":6},"end":{"line":192,"column":19}},{"start":{"line":193,"column":6},"end":{"line":193,"column":20}}],"line":190}},"s":{"0":0,"1":0,"2":0,"3":0,"4":0,"5":0,"6":0,"7":0,"8":0,"9":0,"10":0,"11":0,"12":0,"13":0,"14":0,"15":0,"16":0,"17":0,"18":0,"19":0,"20":0,"21":0,"22":0,"23":0,"24":0,"25":0,"26":0,"27":0,"28":0,"29":0,"30":0,"31":0,"32":0,"33":0,"34":0,"35":0,"36":0,"37":0,"38":0,"39":0,"40":0,"41":0,"42":0,"43":0,"44":0,"45":0,"46":0,"47":0,"48":0,"49":0,"50":0,"51":0,"52":0,"53":0,"54":0,"55":0,"56":0,"57":0},"f":{"0":0,"1":0,"2":0,"3":0,"4":0,"5":0,"6":0,"7":0,"8":0,"9":0},"b":{"0":[0,0],"1":[0,0],"2":[0,0],"3":[0,0],"4":[0,0],"5":[0,0],"6":[0,0],"7":[0,0],"8":[0,0],"9":[0,0],"10":[0,0,0,0]}}
,"/Users/joannewang/Downloads/hw4/src/components/navbar/Navbar.jsx": {"path":"/Users/joannewang/Downloads/hw4/src/components/navbar/Navbar.jsx","statementMap":{"0":{"start":{"line":19,"column":21},"end":{"line":38,"column":1}},"1":{"start":{"line":40,"column":15},"end":{"line":180,"column":1}},"2":{"start":{"line":42,"column":22},"end":{"line":42,"column":45}},"3":{"start":{"line":43,"column":2},"end":{"line":43,"column":34}},"4":{"start":{"line":46,"column":42},"end":{"line":48,"column":3}},"5":{"start":{"line":49,"column":42},"end":{"line":49,"column":57}},"6":{"start":{"line":51,"column":40},"end":{"line":51,"column":69}},"7":{"start":{"line":52,"column":38},"end":{"line":52,"column":50}},"8":{"start":{"line":54,"column":19},"end":{"line":54,"column":32}},"9":{"start":{"line":55,"column":19},"end":{"line":55,"column":32}},"10":{"start":{"line":57,"column":28},"end":{"line":59,"column":3}},"11":{"start":{"line":58,"column":4},"end":{"line":58,"column":34}},"12":{"start":{"line":61,"column":32},"end":{"line":67,"column":3}},"13":{"start":{"line":62,"column":4},"end":{"line":66,"column":5}},"14":{"start":{"line":63,"column":6},"end":{"line":63,"column":20}},"15":{"start":{"line":65,"column":6},"end":{"line":65,"column":32}},"16":{"start":{"line":69,"column":31},"end":{"line":72,"column":3}},"17":{"start":{"line":70,"column":4},"end":{"line":70,"column":33}},"18":{"start":{"line":71,"column":4},"end":{"line":71,"column":27}},"19":{"start":{"line":76,"column":23},"end":{"line":81,"column":3}},"20":{"start":{"line":79,"column":4},"end":{"line":79,"column":23}},"21":{"start":{"line":80,"column":4},"end":{"line":80,"column":23}},"22":{"start":{"line":83,"column":2},"end":{"line":179,"column":4}},"23":{"start":{"line":123,"column":34},"end":{"line":123,"column":57}},"24":{"start":{"line":144,"column":37},"end":{"line":144,"column":68}},"25":{"start":{"line":151,"column":35},"end":{"line":151,"column":69}},"26":{"start":{"line":161,"column":31},"end":{"line":161,"column":69}},"27":{"start":{"line":169,"column":31},"end":{"line":169,"column":45}}},"fnMap":{"0":{"name":"(anonymous_0)","decl":{"start":{"line":40,"column":15},"end":{"line":40,"column":16}},"loc":{"start":{"line":40,"column":21},"end":{"line":180,"column":1}},"line":40},"1":{"name":"(anonymous_1)","decl":{"start":{"line":57,"column":28},"end":{"line":57,"column":29}},"loc":{"start":{"line":57,"column":35},"end":{"line":59,"column":3}},"line":57},"2":{"name":"(anonymous_2)","decl":{"start":{"line":61,"column":32},"end":{"line":61,"column":33}},"loc":{"start":{"line":61,"column":38},"end":{"line":67,"column":3}},"line":61},"3":{"name":"(anonymous_3)","decl":{"start":{"line":69,"column":31},"end":{"line":69,"column":32}},"loc":{"start":{"line":69,"column":48},"end":{"line":72,"column":3}},"line":69},"4":{"name":"(anonymous_4)","decl":{"start":{"line":76,"column":23},"end":{"line":76,"column":24}},"loc":{"start":{"line":76,"column":29},"end":{"line":81,"column":3}},"line":76},"5":{"name":"(anonymous_5)","decl":{"start":{"line":123,"column":22},"end":{"line":123,"column":23}},"loc":{"start":{"line":123,"column":34},"end":{"line":123,"column":57}},"line":123},"6":{"name":"(anonymous_6)","decl":{"start":{"line":144,"column":30},"end":{"line":144,"column":31}},"loc":{"start":{"line":144,"column":37},"end":{"line":144,"column":68}},"line":144},"7":{"name":"(anonymous_7)","decl":{"start":{"line":151,"column":29},"end":{"line":151,"column":30}},"loc":{"start":{"line":151,"column":35},"end":{"line":151,"column":69}},"line":151},"8":{"name":"(anonymous_8)","decl":{"start":{"line":161,"column":25},"end":{"line":161,"column":26}},"loc":{"start":{"line":161,"column":31},"end":{"line":161,"column":69}},"line":161},"9":{"name":"(anonymous_9)","decl":{"start":{"line":169,"column":25},"end":{"line":169,"column":26}},"loc":{"start":{"line":169,"column":31},"end":{"line":169,"column":45}},"line":169}},"branchMap":{"0":{"loc":{"start":{"line":47,"column":4},"end":{"line":47,"column":53}},"type":"binary-expr","locations":[{"start":{"line":47,"column":4},"end":{"line":47,"column":28}},{"start":{"line":47,"column":32},"end":{"line":47,"column":53}}],"line":47},"1":{"loc":{"start":{"line":62,"column":4},"end":{"line":66,"column":5}},"type":"if","locations":[{"start":{"line":62,"column":4},"end":{"line":66,"column":5}},{"start":{"line":64,"column":11},"end":{"line":66,"column":5}}],"line":62}},"s":{"0":1,"1":1,"2":5,"3":4,"4":4,"5":4,"6":4,"7":4,"8":4,"9":4,"10":4,"11":0,"12":4,"13":0,"14":0,"15":0,"16":4,"17":0,"18":0,"19":4,"20":1,"21":1,"22":4,"23":2,"24":0,"25":0,"26":0,"27":1},"f":{"0":5,"1":0,"2":0,"3":0,"4":1,"5":2,"6":0,"7":0,"8":0,"9":1},"b":{"0":[4,4],"1":[0,0]},"_coverageSchema":"1a1c01bbd47fc00a2c39e90264f33305004495a9","hash":"dd65e8f18495fa49c0dadde625331380756c5b0e"}
,"/Users/joannewang/Downloads/hw4/src/components/post/Post.jsx": {"path":"/Users/joannewang/Downloads/hw4/src/components/post/Post.jsx","statementMap":{"0":{"start":{"line":12,"column":13},"end":{"line":68,"column":1}},"1":{"start":{"line":13,"column":40},"end":{"line":13,"column":55}},"2":{"start":{"line":15,"column":16},"end":{"line":15,"column":21}},"3":{"start":{"line":17,"column":25},"end":{"line":19,"column":3}},"4":{"start":{"line":18,"column":4},"end":{"line":18,"column":46}},"5":{"start":{"line":18,"column":34},"end":{"line":18,"column":44}},"6":{"start":{"line":21,"column":2},"end":{"line":67,"column":4}}},"fnMap":{"0":{"name":"(anonymous_0)","decl":{"start":{"line":12,"column":13},"end":{"line":12,"column":14}},"loc":{"start":{"line":12,"column":27},"end":{"line":68,"column":1}},"line":12},"1":{"name":"(anonymous_1)","decl":{"start":{"line":17,"column":25},"end":{"line":17,"column":26}},"loc":{"start":{"line":17,"column":31},"end":{"line":19,"column":3}},"line":17},"2":{"name":"(anonymous_2)","decl":{"start":{"line":18,"column":19},"end":{"line":18,"column":20}},"loc":{"start":{"line":18,"column":34},"end":{"line":18,"column":44}},"line":18}},"branchMap":{"0":{"loc":{"start":{"line":46,"column":13},"end":{"line":46,"column":78}},"type":"cond-expr","locations":[{"start":{"line":46,"column":21},"end":{"line":46,"column":45}},{"start":{"line":46,"column":48},"end":{"line":46,"column":78}}],"line":46},"1":{"loc":{"start":{"line":52,"column":13},"end":{"line":52,"column":60}},"type":"cond-expr","locations":[{"start":{"line":52,"column":27},"end":{"line":52,"column":42}},{"start":{"line":52,"column":45},"end":{"line":52,"column":60}}],"line":52},"2":{"loc":{"start":{"line":64,"column":9},"end":{"line":64,"column":36}},"type":"binary-expr","locations":[{"start":{"line":64,"column":9},"end":{"line":64,"column":20}},{"start":{"line":64,"column":24},"end":{"line":64,"column":36}}],"line":64}},"s":{"0":1,"1":0,"2":0,"3":0,"4":0,"5":0,"6":0},"f":{"0":0,"1":0,"2":0},"b":{"0":[0,0],"1":[0,0],"2":[0,0]},"_coverageSchema":"1a1c01bbd47fc00a2c39e90264f33305004495a9","hash":"bfce82049df0881b4716dcb45b602d9d23eb1c7e"}
,"/Users/joannewang/Downloads/hw4/src/components/posts/Posts.jsx": {"path":"/Users/joannewang/Downloads/hw4/src/components/posts/Posts.jsx","statementMap":{"0":{"start":{"line":13,"column":14},"end":{"line":108,"column":1}},"1":{"start":{"line":14,"column":22},"end":{"line":14,"column":45}},"2":{"start":{"line":15,"column":16},"end":{"line":15,"column":46}},"3":{"start":{"line":16,"column":19},"end":{"line":16,"column":32}},"4":{"start":{"line":17,"column":24},"end":{"line":17,"column":38}},"5":{"start":{"line":18,"column":24},"end":{"line":18,"column":56}},"6":{"start":{"line":19,"column":30},"end":{"line":19,"column":59}},"7":{"start":{"line":22,"column":24},"end":{"line":31,"column":4}},"8":{"start":{"line":23,"column":4},"end":{"line":30,"column":6}},"9":{"start":{"line":33,"column":2},"end":{"line":90,"column":37}},"10":{"start":{"line":34,"column":23},"end":{"line":38,"column":5}},"11":{"start":{"line":41,"column":28},"end":{"line":43,"column":29}},"12":{"start":{"line":42,"column":24},"end":{"line":42,"column":49}},"13":{"start":{"line":43,"column":21},"end":{"line":43,"column":28}},"14":{"start":{"line":46,"column":31},"end":{"line":48,"column":5}},"15":{"start":{"line":50,"column":33},"end":{"line":87,"column":5}},"16":{"start":{"line":51,"column":23},"end":{"line":51,"column":25}},"17":{"start":{"line":54,"column":6},"end":{"line":84,"column":7}},"18":{"start":{"line":57,"column":29},"end":{"line":59,"column":9}},"19":{"start":{"line":61,"column":31},"end":{"line":61,"column":51}},"20":{"start":{"line":64,"column":29},"end":{"line":64,"column":56}},"21":{"start":{"line":66,"column":25},"end":{"line":66,"column":50}},"22":{"start":{"line":68,"column":25},"end":{"line":70,"column":9}},"23":{"start":{"line":71,"column":26},"end":{"line":71,"column":47}},"24":{"start":{"line":73,"column":33},"end":{"line":81,"column":10}},"25":{"start":{"line":74,"column":10},"end":{"line":80,"column":12}},"26":{"start":{"line":83,"column":8},"end":{"line":83,"column":43}},"27":{"start":{"line":86,"column":6},"end":{"line":86,"column":35}},"28":{"start":{"line":89,"column":4},"end":{"line":89,"column":27}},"29":{"start":{"line":92,"column":21},"end":{"line":94,"column":3}},"30":{"start":{"line":93,"column":4},"end":{"line":93,"column":31}},"31":{"start":{"line":96,"column":2},"end":{"line":107,"column":4}},"32":{"start":{"line":101,"column":10},"end":{"line":103,"column":16}}},"fnMap":{"0":{"name":"(anonymous_0)","decl":{"start":{"line":13,"column":14},"end":{"line":13,"column":15}},"loc":{"start":{"line":13,"column":20},"end":{"line":108,"column":1}},"line":13},"1":{"name":"(anonymous_1)","decl":{"start":{"line":22,"column":37},"end":{"line":22,"column":38}},"loc":{"start":{"line":22,"column":47},"end":{"line":31,"column":3}},"line":22},"2":{"name":"(anonymous_2)","decl":{"start":{"line":33,"column":12},"end":{"line":33,"column":13}},"loc":{"start":{"line":33,"column":18},"end":{"line":90,"column":3}},"line":33},"3":{"name":"(anonymous_3)","decl":{"start":{"line":42,"column":14},"end":{"line":42,"column":15}},"loc":{"start":{"line":42,"column":24},"end":{"line":42,"column":49}},"line":42},"4":{"name":"(anonymous_4)","decl":{"start":{"line":43,"column":11},"end":{"line":43,"column":12}},"loc":{"start":{"line":43,"column":21},"end":{"line":43,"column":28}},"line":43},"5":{"name":"(anonymous_5)","decl":{"start":{"line":50,"column":33},"end":{"line":50,"column":34}},"loc":{"start":{"line":50,"column":45},"end":{"line":87,"column":5}},"line":50},"6":{"name":"(anonymous_6)","decl":{"start":{"line":73,"column":47},"end":{"line":73,"column":48}},"loc":{"start":{"line":73,"column":57},"end":{"line":81,"column":9}},"line":73},"7":{"name":"(anonymous_7)","decl":{"start":{"line":92,"column":21},"end":{"line":92,"column":22}},"loc":{"start":{"line":92,"column":34},"end":{"line":94,"column":3}},"line":92},"8":{"name":"(anonymous_8)","decl":{"start":{"line":100,"column":27},"end":{"line":100,"column":28}},"loc":{"start":{"line":101,"column":10},"end":{"line":103,"column":16}},"line":101}},"branchMap":{"0":{"loc":{"start":{"line":15,"column":16},"end":{"line":15,"column":46}},"type":"binary-expr","locations":[{"start":{"line":15,"column":16},"end":{"line":15,"column":40}},{"start":{"line":15,"column":44},"end":{"line":15,"column":46}}],"line":15},"1":{"loc":{"start":{"line":19,"column":10},"end":{"line":19,"column":25}},"type":"default-arg","locations":[{"start":{"line":19,"column":23},"end":{"line":19,"column":25}}],"line":19},"2":{"loc":{"start":{"line":24,"column":6},"end":{"line":29,"column":16}},"type":"binary-expr","locations":[{"start":{"line":24,"column":7},"end":{"line":26,"column":15}},{"start":{"line":27,"column":7},"end":{"line":29,"column":15}}],"line":24},"3":{"loc":{"start":{"line":24,"column":7},"end":{"line":26,"column":15}},"type":"cond-expr","locations":[{"start":{"line":25,"column":10},"end":{"line":25,"column":68}},{"start":{"line":26,"column":10},"end":{"line":26,"column":15}}],"line":24},"4":{"loc":{"start":{"line":27,"column":7},"end":{"line":29,"column":15}},"type":"cond-expr","locations":[{"start":{"line":28,"column":10},"end":{"line":28,"column":68}},{"start":{"line":29,"column":10},"end":{"line":29,"column":15}}],"line":27}},"s":{"0":1,"1":7,"2":7,"3":7,"4":7,"5":7,"6":7,"7":7,"8":0,"9":7,"10":7,"11":7,"12":1,"13":1,"14":7,"15":7,"16":7,"17":7,"18":8,"19":8,"20":8,"21":8,"22":8,"23":8,"24":8,"25":14,"26":8,"27":7,"28":7,"29":7,"30":0,"31":7,"32":0},"f":{"0":7,"1":0,"2":7,"3":1,"4":1,"5":7,"6":14,"7":0,"8":0},"b":{"0":[7,7],"1":[0],"2":[0,0],"3":[0,0],"4":[0,0]},"_coverageSchema":"1a1c01bbd47fc00a2c39e90264f33305004495a9","hash":"66df9340d62f756749db1eb57b96914f01dba86e"}
,"/Users/joannewang/Downloads/hw4/src/components/rightBar/RightBar.jsx": {"path":"/Users/joannewang/Downloads/hw4/src/components/rightBar/RightBar.jsx","statementMap":{"0":{"start":{"line":16,"column":19},"end":{"line":27,"column":1}},"1":{"start":{"line":29,"column":18},"end":{"line":37,"column":1}},"2":{"start":{"line":39,"column":23},"end":{"line":47,"column":1}},"3":{"start":{"line":49,"column":17},"end":{"line":190,"column":1}},"4":{"start":{"line":50,"column":22},"end":{"line":50,"column":45}},"5":{"start":{"line":51,"column":44},"end":{"line":51,"column":56}},"6":{"start":{"line":52,"column":42},"end":{"line":52,"column":54}},"7":{"start":{"line":53,"column":36},"end":{"line":53,"column":48}},"8":{"start":{"line":54,"column":24},"end":{"line":54,"column":38}},"9":{"start":{"line":55,"column":19},"end":{"line":55,"column":32}},"10":{"start":{"line":56,"column":24},"end":{"line":56,"column":56}},"11":{"start":{"line":58,"column":2},"end":{"line":58,"column":36}},"12":{"start":{"line":60,"column":2},"end":{"line":93,"column":47}},"13":{"start":{"line":61,"column":23},"end":{"line":61,"column":25}},"14":{"start":{"line":63,"column":4},"end":{"line":92,"column":5}},"15":{"start":{"line":65,"column":6},"end":{"line":89,"column":7}},"16":{"start":{"line":66,"column":39},"end":{"line":70,"column":9}},"17":{"start":{"line":72,"column":8},"end":{"line":82,"column":13}},"18":{"start":{"line":73,"column":30},"end":{"line":73,"column":45}},"19":{"start":{"line":75,"column":41},"end":{"line":77,"column":13}},"20":{"start":{"line":76,"column":14},"end":{"line":76,"column":54}},"21":{"start":{"line":79,"column":12},"end":{"line":79,"column":74}},"22":{"start":{"line":79,"column":64},"end":{"line":79,"column":71}},"23":{"start":{"line":81,"column":12},"end":{"line":81,"column":61}},"24":{"start":{"line":84,"column":8},"end":{"line":84,"column":63}},"25":{"start":{"line":84,"column":53},"end":{"line":84,"column":60}},"26":{"start":{"line":87,"column":8},"end":{"line":87,"column":35}},"27":{"start":{"line":88,"column":8},"end":{"line":88,"column":50}},"28":{"start":{"line":91,"column":6},"end":{"line":91,"column":27}},"29":{"start":{"line":95,"column":25},"end":{"line":105,"column":3}},"30":{"start":{"line":96,"column":4},"end":{"line":96,"column":49}},"31":{"start":{"line":99,"column":4},"end":{"line":101,"column":6}},"32":{"start":{"line":100,"column":6},"end":{"line":100,"column":63}},"33":{"start":{"line":100,"column":37},"end":{"line":100,"column":62}},"34":{"start":{"line":102,"column":4},"end":{"line":104,"column":6}},"35":{"start":{"line":103,"column":6},"end":{"line":103,"column":69}},"36":{"start":{"line":103,"column":41},"end":{"line":103,"column":68}},"37":{"start":{"line":107,"column":26},"end":{"line":133,"column":3}},"38":{"start":{"line":108,"column":4},"end":{"line":132,"column":5}},"39":{"start":{"line":109,"column":6},"end":{"line":131,"column":7}},"40":{"start":{"line":110,"column":25},"end":{"line":112,"column":9}},"41":{"start":{"line":113,"column":24},"end":{"line":113,"column":45}},"42":{"start":{"line":115,"column":8},"end":{"line":128,"column":9}},"43":{"start":{"line":116,"column":35},"end":{"line":119,"column":11}},"44":{"start":{"line":120,"column":10},"end":{"line":123,"column":13}},"45":{"start":{"line":120,"column":45},"end":{"line":123,"column":11}},"46":{"start":{"line":124,"column":10},"end":{"line":124,"column":54}},"47":{"start":{"line":125,"column":10},"end":{"line":125,"column":27}},"48":{"start":{"line":127,"column":10},"end":{"line":127,"column":35}},"49":{"start":{"line":130,"column":8},"end":{"line":130,"column":73}},"50":{"start":{"line":135,"column":21},"end":{"line":135,"column":56}},"51":{"start":{"line":137,"column":2},"end":{"line":189,"column":4}},"52":{"start":{"line":142,"column":23},"end":{"line":142,"column":65}},"53":{"start":{"line":142,"column":49},"end":{"line":142,"column":64}},"54":{"start":{"line":144,"column":10},"end":{"line":146,"column":11}},"55":{"start":{"line":145,"column":12},"end":{"line":145,"column":24}},"56":{"start":{"line":148,"column":10},"end":{"line":173,"column":12}},"57":{"start":{"line":164,"column":51},"end":{"line":164,"column":71}},"58":{"start":{"line":180,"column":29},"end":{"line":180,"column":57}}},"fnMap":{"0":{"name":"(anonymous_0)","decl":{"start":{"line":49,"column":17},"end":{"line":49,"column":18}},"loc":{"start":{"line":49,"column":23},"end":{"line":190,"column":1}},"line":49},"1":{"name":"(anonymous_1)","decl":{"start":{"line":60,"column":12},"end":{"line":60,"column":13}},"loc":{"start":{"line":60,"column":18},"end":{"line":93,"column":3}},"line":60},"2":{"name":"(anonymous_2)","decl":{"start":{"line":73,"column":16},"end":{"line":73,"column":17}},"loc":{"start":{"line":73,"column":30},"end":{"line":73,"column":45}},"line":73},"3":{"name":"(anonymous_3)","decl":{"start":{"line":74,"column":16},"end":{"line":74,"column":17}},"loc":{"start":{"line":74,"column":26},"end":{"line":82,"column":11}},"line":74},"4":{"name":"(anonymous_4)","decl":{"start":{"line":75,"column":53},"end":{"line":75,"column":54}},"loc":{"start":{"line":76,"column":14},"end":{"line":76,"column":54}},"line":76},"5":{"name":"(anonymous_5)","decl":{"start":{"line":79,"column":54},"end":{"line":79,"column":55}},"loc":{"start":{"line":79,"column":64},"end":{"line":79,"column":71}},"line":79},"6":{"name":"(anonymous_6)","decl":{"start":{"line":84,"column":43},"end":{"line":84,"column":44}},"loc":{"start":{"line":84,"column":53},"end":{"line":84,"column":60}},"line":84},"7":{"name":"(anonymous_7)","decl":{"start":{"line":95,"column":25},"end":{"line":95,"column":26}},"loc":{"start":{"line":95,"column":45},"end":{"line":105,"column":3}},"line":95},"8":{"name":"(anonymous_8)","decl":{"start":{"line":99,"column":21},"end":{"line":99,"column":22}},"loc":{"start":{"line":100,"column":6},"end":{"line":100,"column":63}},"line":100},"9":{"name":"(anonymous_9)","decl":{"start":{"line":100,"column":25},"end":{"line":100,"column":26}},"loc":{"start":{"line":100,"column":37},"end":{"line":100,"column":62}},"line":100},"10":{"name":"(anonymous_10)","decl":{"start":{"line":102,"column":20},"end":{"line":102,"column":21}},"loc":{"start":{"line":103,"column":6},"end":{"line":103,"column":69}},"line":103},"11":{"name":"(anonymous_11)","decl":{"start":{"line":103,"column":27},"end":{"line":103,"column":28}},"loc":{"start":{"line":103,"column":41},"end":{"line":103,"column":68}},"line":103},"12":{"name":"(anonymous_12)","decl":{"start":{"line":107,"column":26},"end":{"line":107,"column":27}},"loc":{"start":{"line":107,"column":38},"end":{"line":133,"column":3}},"line":107},"13":{"name":"(anonymous_13)","decl":{"start":{"line":120,"column":26},"end":{"line":120,"column":27}},"loc":{"start":{"line":120,"column":45},"end":{"line":123,"column":11}},"line":120},"14":{"name":"(anonymous_14)","decl":{"start":{"line":141,"column":24},"end":{"line":141,"column":25}},"loc":{"start":{"line":141,"column":36},"end":{"line":174,"column":9}},"line":141},"15":{"name":"(anonymous_15)","decl":{"start":{"line":142,"column":42},"end":{"line":142,"column":43}},"loc":{"start":{"line":142,"column":49},"end":{"line":142,"column":64}},"line":142},"16":{"name":"(anonymous_16)","decl":{"start":{"line":164,"column":45},"end":{"line":164,"column":46}},"loc":{"start":{"line":164,"column":51},"end":{"line":164,"column":71}},"line":164},"17":{"name":"(anonymous_17)","decl":{"start":{"line":180,"column":22},"end":{"line":180,"column":23}},"loc":{"start":{"line":180,"column":29},"end":{"line":180,"column":57}},"line":180}},"branchMap":{"0":{"loc":{"start":{"line":63,"column":4},"end":{"line":92,"column":5}},"type":"if","locations":[{"start":{"line":63,"column":4},"end":{"line":92,"column":5}},{"start":{"line":90,"column":11},"end":{"line":92,"column":5}}],"line":63},"1":{"loc":{"start":{"line":65,"column":6},"end":{"line":89,"column":7}},"type":"if","locations":[{"start":{"line":65,"column":6},"end":{"line":89,"column":7}},{"start":{"line":83,"column":13},"end":{"line":89,"column":7}}],"line":65},"2":{"loc":{"start":{"line":65,"column":10},"end":{"line":65,"column":54}},"type":"binary-expr","locations":[{"start":{"line":65,"column":10},"end":{"line":65,"column":24}},{"start":{"line":65,"column":28},"end":{"line":65,"column":54}}],"line":65},"3":{"loc":{"start":{"line":108,"column":4},"end":{"line":132,"column":5}},"type":"if","locations":[{"start":{"line":108,"column":4},"end":{"line":132,"column":5}},{"start":{},"end":{}}],"line":108},"4":{"loc":{"start":{"line":115,"column":8},"end":{"line":128,"column":9}},"type":"if","locations":[{"start":{"line":115,"column":8},"end":{"line":128,"column":9}},{"start":{"line":126,"column":15},"end":{"line":128,"column":9}}],"line":115},"5":{"loc":{"start":{"line":115,"column":12},"end":{"line":115,"column":41}},"type":"binary-expr","locations":[{"start":{"line":115,"column":12},"end":{"line":115,"column":19}},{"start":{"line":115,"column":23},"end":{"line":115,"column":41}}],"line":115},"6":{"loc":{"start":{"line":144,"column":10},"end":{"line":146,"column":11}},"type":"if","locations":[{"start":{"line":144,"column":10},"end":{"line":146,"column":11}},{"start":{},"end":{}}],"line":144}},"s":{"0":0,"1":0,"2":0,"3":0,"4":0,"5":0,"6":0,"7":0,"8":0,"9":0,"10":0,"11":0,"12":0,"13":0,"14":0,"15":0,"16":0,"17":0,"18":0,"19":0,"20":0,"21":0,"22":0,"23":0,"24":0,"25":0,"26":0,"27":0,"28":0,"29":0,"30":0,"31":0,"32":0,"33":0,"34":0,"35":0,"36":0,"37":0,"38":0,"39":0,"40":0,"41":0,"42":0,"43":0,"44":0,"45":0,"46":0,"47":0,"48":0,"49":0,"50":0,"51":0,"52":0,"53":0,"54":0,"55":0,"56":0,"57":0,"58":0},"f":{"0":0,"1":0,"2":0,"3":0,"4":0,"5":0,"6":0,"7":0,"8":0,"9":0,"10":0,"11":0,"12":0,"13":0,"14":0,"15":0,"16":0,"17":0},"b":{"0":[0,0],"1":[0,0],"2":[0,0],"3":[0,0],"4":[0,0],"5":[0,0],"6":[0,0]}}
,"/Users/joannewang/Downloads/hw4/src/components/share/Share.jsx": {"path":"/Users/joannewang/Downloads/hw4/src/components/share/Share.jsx","statementMap":{"0":{"start":{"line":12,"column":19},"end":{"line":24,"column":1}},"1":{"start":{"line":26,"column":21},"end":{"line":34,"column":1}},"2":{"start":{"line":36,"column":19},"end":{"line":43,"column":1}},"3":{"start":{"line":45,"column":14},"end":{"line":129,"column":1}},"4":{"start":{"line":46,"column":19},"end":{"line":46,"column":32}},"5":{"start":{"line":47,"column":22},"end":{"line":47,"column":45}},"6":{"start":{"line":48,"column":36},"end":{"line":48,"column":48}},"7":{"start":{"line":49,"column":44},"end":{"line":49,"column":58}},"8":{"start":{"line":50,"column":50},"end":{"line":50,"column":64}},"9":{"start":{"line":52,"column":28},"end":{"line":54,"column":3}},"10":{"start":{"line":53,"column":4},"end":{"line":53,"column":33}},"11":{"start":{"line":56,"column":25},"end":{"line":58,"column":3}},"12":{"start":{"line":57,"column":4},"end":{"line":57,"column":21}},"13":{"start":{"line":60,"column":28},"end":{"line":72,"column":3}},"14":{"start":{"line":61,"column":17},"end":{"line":61,"column":34}},"15":{"start":{"line":62,"column":4},"end":{"line":71,"column":5}},"16":{"start":{"line":63,"column":21},"end":{"line":63,"column":37}},"17":{"start":{"line":64,"column":6},"end":{"line":66,"column":8}},"18":{"start":{"line":65,"column":8},"end":{"line":65,"column":40}},"19":{"start":{"line":67,"column":6},"end":{"line":67,"column":33}},"20":{"start":{"line":70,"column":6},"end":{"line":70,"column":37}},"21":{"start":{"line":74,"column":26},"end":{"line":90,"column":3}},"22":{"start":{"line":75,"column":4},"end":{"line":89,"column":5}},"23":{"start":{"line":77,"column":22},"end":{"line":84,"column":7}},"24":{"start":{"line":86,"column":6},"end":{"line":86,"column":26}},"25":{"start":{"line":87,"column":6},"end":{"line":87,"column":23}},"26":{"start":{"line":88,"column":6},"end":{"line":88,"column":29}},"27":{"start":{"line":92,"column":2},"end":{"line":128,"column":4}}},"fnMap":{"0":{"name":"(anonymous_0)","decl":{"start":{"line":45,"column":14},"end":{"line":45,"column":15}},"loc":{"start":{"line":45,"column":34},"end":{"line":129,"column":1}},"line":45},"1":{"name":"(anonymous_1)","decl":{"start":{"line":52,"column":28},"end":{"line":52,"column":29}},"loc":{"start":{"line":52,"column":35},"end":{"line":54,"column":3}},"line":52},"2":{"name":"(anonymous_2)","decl":{"start":{"line":56,"column":25},"end":{"line":56,"column":26}},"loc":{"start":{"line":56,"column":31},"end":{"line":58,"column":3}},"line":56},"3":{"name":"(anonymous_3)","decl":{"start":{"line":60,"column":28},"end":{"line":60,"column":29}},"loc":{"start":{"line":60,"column":35},"end":{"line":72,"column":3}},"line":60},"4":{"name":"(anonymous_4)","decl":{"start":{"line":64,"column":25},"end":{"line":64,"column":26}},"loc":{"start":{"line":64,"column":31},"end":{"line":66,"column":7}},"line":64},"5":{"name":"(anonymous_5)","decl":{"start":{"line":74,"column":26},"end":{"line":74,"column":27}},"loc":{"start":{"line":74,"column":32},"end":{"line":90,"column":3}},"line":74}},"branchMap":{"0":{"loc":{"start":{"line":62,"column":4},"end":{"line":71,"column":5}},"type":"if","locations":[{"start":{"line":62,"column":4},"end":{"line":71,"column":5}},{"start":{},"end":{}}],"line":62},"1":{"loc":{"start":{"line":75,"column":4},"end":{"line":89,"column":5}},"type":"if","locations":[{"start":{"line":75,"column":4},"end":{"line":89,"column":5}},{"start":{},"end":{}}],"line":75},"2":{"loc":{"start":{"line":75,"column":8},"end":{"line":75,"column":48}},"type":"binary-expr","locations":[{"start":{"line":75,"column":8},"end":{"line":75,"column":31}},{"start":{"line":75,"column":35},"end":{"line":75,"column":48}}],"line":75},"3":{"loc":{"start":{"line":117,"column":17},"end":{"line":117,"column":70}},"type":"binary-expr","locations":[{"start":{"line":117,"column":17},"end":{"line":117,"column":33}},{"start":{"line":117,"column":37},"end":{"line":117,"column":70}}],"line":117}},"s":{"0":1,"1":1,"2":1,"3":1,"4":7,"5":7,"6":7,"7":7,"8":7,"9":7,"10":0,"11":7,"12":0,"13":7,"14":0,"15":0,"16":0,"17":0,"18":0,"19":0,"20":0,"21":7,"22":0,"23":0,"24":0,"25":0,"26":0,"27":7},"f":{"0":7,"1":0,"2":0,"3":0,"4":0,"5":0},"b":{"0":[0,0],"1":[0,0],"2":[0,0],"3":[7,0]},"_coverageSchema":"1a1c01bbd47fc00a2c39e90264f33305004495a9","hash":"b90f3f9ae3dbd710469d722fe40756f271590b12"}
,"/Users/joannewang/Downloads/hw4/src/context/FilterTermContext.js": {"path":"/Users/joannewang/Downloads/hw4/src/context/FilterTermContext.js","statementMap":{"0":{"start":{"line":4,"column":33},"end":{"line":7,"column":2}},"1":{"start":{"line":9,"column":34},"end":{"line":17,"column":1}},"2":{"start":{"line":10,"column":38},"end":{"line":10,"column":50}},"3":{"start":{"line":12,"column":2},"end":{"line":16,"column":4}}},"fnMap":{"0":{"name":"(anonymous_0)","decl":{"start":{"line":6,"column":17},"end":{"line":6,"column":18}},"loc":{"start":{"line":6,"column":23},"end":{"line":6,"column":25}},"line":6},"1":{"name":"(anonymous_1)","decl":{"start":{"line":9,"column":34},"end":{"line":9,"column":35}},"loc":{"start":{"line":9,"column":52},"end":{"line":17,"column":1}},"line":9}},"branchMap":{},"s":{"0":2,"1":2,"2":0,"3":0},"f":{"0":0,"1":0},"b":{},"_coverageSchema":"1a1c01bbd47fc00a2c39e90264f33305004495a9","hash":"c792d1a110713ec3d4d78bb9acd6ef2042c0558c"}
,"/Users/joannewang/Downloads/hw4/src/pages/login/Login.jsx": {"path":"/Users/joannewang/Downloads/hw4/src/pages/login/Login.jsx","statementMap":{"0":{"start":{"line":14,"column":20},"end":{"line":32,"column":1}},"1":{"start":{"line":34,"column":23},"end":{"line":41,"column":1}},"2":{"start":{"line":43,"column":14},"end":{"line":134,"column":1}},"3":{"start":{"line":45,"column":34},"end":{"line":45,"column":46}},"4":{"start":{"line":46,"column":34},"end":{"line":46,"column":46}},"5":{"start":{"line":47,"column":38},"end":{"line":47,"column":53}},"6":{"start":{"line":48,"column":19},"end":{"line":48,"column":32}},"7":{"start":{"line":49,"column":19},"end":{"line":49,"column":32}},"8":{"start":{"line":51,"column":23},"end":{"line":89,"column":3}},"9":{"start":{"line":52,"column":4},"end":{"line":52,"column":23}},"10":{"start":{"line":54,"column":21},"end":{"line":56,"column":5}},"11":{"start":{"line":57,"column":18},"end":{"line":57,"column":39}},"12":{"start":{"line":58,"column":4},"end":{"line":58,"column":40}},"13":{"start":{"line":59,"column":17},"end":{"line":59,"column":25}},"14":{"start":{"line":61,"column":4},"end":{"line":88,"column":5}},"15":{"start":{"line":62,"column":6},"end":{"line":62,"column":24}},"16":{"start":{"line":63,"column":6},"end":{"line":69,"column":7}},"17":{"start":{"line":66,"column":8},"end":{"line":66,"column":44}},"18":{"start":{"line":67,"column":8},"end":{"line":67,"column":44}},"19":{"start":{"line":68,"column":8},"end":{"line":68,"column":28}},"20":{"start":{"line":71,"column":26},"end":{"line":80,"column":7}},"21":{"start":{"line":82,"column":6},"end":{"line":82,"column":28}},"22":{"start":{"line":83,"column":6},"end":{"line":83,"column":35}},"23":{"start":{"line":84,"column":6},"end":{"line":84,"column":27}},"24":{"start":{"line":85,"column":6},"end":{"line":85,"column":20}},"25":{"start":{"line":87,"column":6},"end":{"line":87,"column":46}},"26":{"start":{"line":91,"column":2},"end":{"line":133,"column":4}},"27":{"start":{"line":113,"column":35},"end":{"line":113,"column":62}},"28":{"start":{"line":122,"column":35},"end":{"line":122,"column":62}}},"fnMap":{"0":{"name":"(anonymous_0)","decl":{"start":{"line":43,"column":14},"end":{"line":43,"column":15}},"loc":{"start":{"line":43,"column":20},"end":{"line":134,"column":1}},"line":43},"1":{"name":"(anonymous_1)","decl":{"start":{"line":51,"column":23},"end":{"line":51,"column":24}},"loc":{"start":{"line":51,"column":36},"end":{"line":89,"column":3}},"line":51},"2":{"name":"(anonymous_2)","decl":{"start":{"line":113,"column":28},"end":{"line":113,"column":29}},"loc":{"start":{"line":113,"column":35},"end":{"line":113,"column":62}},"line":113},"3":{"name":"(anonymous_3)","decl":{"start":{"line":122,"column":28},"end":{"line":122,"column":29}},"loc":{"start":{"line":122,"column":35},"end":{"line":122,"column":62}},"line":122}},"branchMap":{"0":{"loc":{"start":{"line":61,"column":4},"end":{"line":88,"column":5}},"type":"if","locations":[{"start":{"line":61,"column":4},"end":{"line":88,"column":5}},{"start":{"line":86,"column":11},"end":{"line":88,"column":5}}],"line":61},"1":{"loc":{"start":{"line":61,"column":8},"end":{"line":61,"column":48}},"type":"binary-expr","locations":[{"start":{"line":61,"column":8},"end":{"line":61,"column":12}},{"start":{"line":61,"column":16},"end":{"line":61,"column":48}}],"line":61},"2":{"loc":{"start":{"line":63,"column":6},"end":{"line":69,"column":7}},"type":"if","locations":[{"start":{"line":63,"column":6},"end":{"line":69,"column":7}},{"start":{},"end":{}}],"line":63},"3":{"loc":{"start":{"line":91,"column":9},"end":{"line":133,"column":3}},"type":"cond-expr","locations":[{"start":{"line":92,"column":4},"end":{"line":92,"column":64}},{"start":{"line":94,"column":4},"end":{"line":132,"column":10}}],"line":91}},"s":{"0":1,"1":1,"2":1,"3":7,"4":7,"5":7,"6":7,"7":7,"8":7,"9":2,"10":2,"11":2,"12":2,"13":2,"14":2,"15":1,"16":1,"17":1,"18":1,"19":1,"20":1,"21":1,"22":1,"23":1,"24":1,"25":1,"26":7,"27":2,"28":2},"f":{"0":7,"1":2,"2":2,"3":2},"b":{"0":[1,1],"1":[2,2],"2":[1,0],"3":[0,7]},"_coverageSchema":"1a1c01bbd47fc00a2c39e90264f33305004495a9","hash":"0c5dece35966e8d376e65dddf5ad8e79ef606b8c"}
,"/Users/joannewang/Downloads/hw4/src/pages/profile/EditProfileModal.mock.js": {"path":"/Users/joannewang/Downloads/hw4/src/pages/profile/EditProfileModal.mock.js","statementMap":{"0":{"start":{"line":5,"column":29},"end":{"line":7,"column":1}},"1":{"start":{"line":6,"column":2},"end":{"line":6,"column":59}}},"fnMap":{"0":{"name":"(anonymous_0)","decl":{"start":{"line":5,"column":29},"end":{"line":5,"column":30}},"loc":{"start":{"line":5,"column":35},"end":{"line":7,"column":1}},"line":5}},"branchMap":{},"s":{"0":0,"1":0},"f":{"0":0},"b":{}}
,"/Users/joannewang/Downloads/hw4/src/pages/profile/Profile.jsx": {"path":"/Users/joannewang/Downloads/hw4/src/pages/profile/Profile.jsx","statementMap":{"0":{"start":{"line":18,"column":19},"end":{"line":30,"column":1}},"1":{"start":{"line":32,"column":19},"end":{"line":40,"column":1}},"2":{"start":{"line":42,"column":16},"end":{"line":184,"column":1}},"3":{"start":{"line":44,"column":22},"end":{"line":44,"column":51}},"4":{"start":{"line":46,"column":2},"end":{"line":46,"column":38}},"5":{"start":{"line":48,"column":19},"end":{"line":48,"column":32}},"6":{"start":{"line":49,"column":40},"end":{"line":49,"column":55}},"7":{"start":{"line":50,"column":46},"end":{"line":50,"column":60}},"8":{"start":{"line":52,"column":26},"end":{"line":54,"column":3}},"9":{"start":{"line":53,"column":4},"end":{"line":53,"column":25}},"10":{"start":{"line":56,"column":27},"end":{"line":58,"column":3}},"11":{"start":{"line":57,"column":4},"end":{"line":57,"column":26}},"12":{"start":{"line":60,"column":30},"end":{"line":72,"column":3}},"13":{"start":{"line":61,"column":4},"end":{"line":70,"column":6}},"14":{"start":{"line":71,"column":4},"end":{"line":71,"column":26}},"15":{"start":{"line":79,"column":27},"end":{"line":90,"column":3}},"16":{"start":{"line":80,"column":17},"end":{"line":80,"column":38}},"17":{"start":{"line":81,"column":19},"end":{"line":81,"column":35}},"18":{"start":{"line":83,"column":4},"end":{"line":85,"column":6}},"19":{"start":{"line":84,"column":6},"end":{"line":84,"column":39}},"20":{"start":{"line":87,"column":4},"end":{"line":89,"column":5}},"21":{"start":{"line":88,"column":6},"end":{"line":88,"column":33}},"22":{"start":{"line":92,"column":37},"end":{"line":101,"column":3}},"23":{"start":{"line":93,"column":4},"end":{"line":100,"column":5}},"24":{"start":{"line":94,"column":6},"end":{"line":99,"column":8}},"25":{"start":{"line":115,"column":2},"end":{"line":183,"column":4}}},"fnMap":{"0":{"name":"(anonymous_0)","decl":{"start":{"line":42,"column":16},"end":{"line":42,"column":17}},"loc":{"start":{"line":42,"column":22},"end":{"line":184,"column":1}},"line":42},"1":{"name":"(anonymous_1)","decl":{"start":{"line":52,"column":26},"end":{"line":52,"column":27}},"loc":{"start":{"line":52,"column":32},"end":{"line":54,"column":3}},"line":52},"2":{"name":"(anonymous_2)","decl":{"start":{"line":56,"column":27},"end":{"line":56,"column":28}},"loc":{"start":{"line":56,"column":33},"end":{"line":58,"column":3}},"line":56},"3":{"name":"(anonymous_3)","decl":{"start":{"line":60,"column":30},"end":{"line":60,"column":31}},"loc":{"start":{"line":60,"column":44},"end":{"line":72,"column":3}},"line":60},"4":{"name":"(anonymous_4)","decl":{"start":{"line":79,"column":27},"end":{"line":79,"column":28}},"loc":{"start":{"line":79,"column":38},"end":{"line":90,"column":3}},"line":79},"5":{"name":"(anonymous_5)","decl":{"start":{"line":83,"column":23},"end":{"line":83,"column":24}},"loc":{"start":{"line":83,"column":29},"end":{"line":85,"column":5}},"line":83},"6":{"name":"(anonymous_6)","decl":{"start":{"line":92,"column":37},"end":{"line":92,"column":38}},"loc":{"start":{"line":92,"column":43},"end":{"line":101,"column":3}},"line":92}},"branchMap":{"0":{"loc":{"start":{"line":44,"column":22},"end":{"line":44,"column":51}},"type":"binary-expr","locations":[{"start":{"line":44,"column":22},"end":{"line":44,"column":45}},{"start":{"line":44,"column":49},"end":{"line":44,"column":51}}],"line":44},"1":{"loc":{"start":{"line":87,"column":4},"end":{"line":89,"column":5}},"type":"if","locations":[{"start":{"line":87,"column":4},"end":{"line":89,"column":5}},{"start":{},"end":{}}],"line":87},"2":{"loc":{"start":{"line":93,"column":4},"end":{"line":100,"column":5}},"type":"if","locations":[{"start":{"line":93,"column":4},"end":{"line":100,"column":5}},{"start":{},"end":{}}],"line":93},"3":{"loc":{"start":{"line":125,"column":16},"end":{"line":127,"column":49}},"type":"binary-expr","locations":[{"start":{"line":125,"column":16},"end":{"line":125,"column":30}},{"start":{"line":126,"column":17},"end":{"line":126,"column":28}},{"start":{"line":126,"column":32},"end":{"line":126,"column":54}},{"start":{"line":127,"column":16},"end":{"line":127,"column":49}}],"line":125},"4":{"loc":{"start":{"line":129,"column":19},"end":{"line":129,"column":62}},"type":"cond-expr","locations":[{"start":{"line":129,"column":33},"end":{"line":129,"column":53}},{"start":{"line":129,"column":56},"end":{"line":129,"column":62}}],"line":129},"5":{"loc":{"start":{"line":170,"column":13},"end":{"line":170,"column":76}},"type":"binary-expr","locations":[{"start":{"line":170,"column":13},"end":{"line":170,"column":33}},{"start":{"line":170,"column":37},"end":{"line":170,"column":76}}],"line":170}},"s":{"0":1,"1":1,"2":1,"3":2,"4":2,"5":2,"6":2,"7":2,"8":2,"9":0,"10":2,"11":0,"12":2,"13":0,"14":0,"15":2,"16":0,"17":0,"18":0,"19":0,"20":0,"21":0,"22":2,"23":0,"24":0,"25":2},"f":{"0":2,"1":0,"2":0,"3":0,"4":0,"5":0,"6":0},"b":{"0":[2,0],"1":[0,0],"2":[0,0],"3":[2,2,2,0],"4":[2,0],"5":[2,2]},"_coverageSchema":"1a1c01bbd47fc00a2c39e90264f33305004495a9","hash":"6939500df7559d51ebfd244f24c13c24e1acf390"}
,"/Users/joannewang/Downloads/hw4/src/pages/register/Register.jsx": {"path":"/Users/joannewang/Downloads/hw4/src/pages/register/Register.jsx","statementMap":{"0":{"start":{"line":14,"column":23},"end":{"line":32,"column":1}},"1":{"start":{"line":34,"column":20},"end":{"line":41,"column":1}},"2":{"start":{"line":43,"column":17},"end":{"line":422,"column":1}},"3":{"start":{"line":44,"column":19},"end":{"line":44,"column":32}},"4":{"start":{"line":47,"column":34},"end":{"line":47,"column":46}},"5":{"start":{"line":48,"column":28},"end":{"line":48,"column":40}},"6":{"start":{"line":49,"column":28},"end":{"line":49,"column":40}},"7":{"start":{"line":50,"column":36},"end":{"line":50,"column":48}},"8":{"start":{"line":51,"column":32},"end":{"line":51,"column":44}},"9":{"start":{"line":52,"column":34},"end":{"line":52,"column":46}},"10":{"start":{"line":53,"column":48},"end":{"line":53,"column":60}},"11":{"start":{"line":55,"column":44},"end":{"line":55,"column":56}},"12":{"start":{"line":56,"column":38},"end":{"line":56,"column":50}},"13":{"start":{"line":57,"column":38},"end":{"line":57,"column":50}},"14":{"start":{"line":58,"column":44},"end":{"line":58,"column":56}},"15":{"start":{"line":59,"column":42},"end":{"line":59,"column":54}},"16":{"start":{"line":60,"column":44},"end":{"line":60,"column":56}},"17":{"start":{"line":61,"column":58},"end":{"line":61,"column":70}},"18":{"start":{"line":63,"column":38},"end":{"line":63,"column":53}},"19":{"start":{"line":64,"column":19},"end":{"line":64,"column":32}},"20":{"start":{"line":65,"column":50},"end":{"line":65,"column":62}},"21":{"start":{"line":67,"column":2},"end":{"line":76,"column":9}},"22":{"start":{"line":69,"column":4},"end":{"line":75,"column":75}},"23":{"start":{"line":70,"column":26},"end":{"line":70,"column":41}},"24":{"start":{"line":72,"column":33},"end":{"line":72,"column":66}},"25":{"start":{"line":72,"column":52},"end":{"line":72,"column":65}},"26":{"start":{"line":73,"column":8},"end":{"line":73,"column":46}},"27":{"start":{"line":75,"column":24},"end":{"line":75,"column":73}},"28":{"start":{"line":78,"column":24},"end":{"line":99,"column":3}},"29":{"start":{"line":79,"column":21},"end":{"line":79,"column":26}},"30":{"start":{"line":81,"column":4},"end":{"line":92,"column":5}},"31":{"start":{"line":82,"column":6},"end":{"line":82,"column":51}},"32":{"start":{"line":83,"column":6},"end":{"line":83,"column":24}},"33":{"start":{"line":84,"column":11},"end":{"line":92,"column":5}},"34":{"start":{"line":85,"column":6},"end":{"line":85,"column":54}},"35":{"start":{"line":86,"column":6},"end":{"line":86,"column":24}},"36":{"start":{"line":87,"column":11},"end":{"line":92,"column":5}},"37":{"start":{"line":88,"column":6},"end":{"line":88,"column":80}},"38":{"start":{"line":89,"column":6},"end":{"line":89,"column":24}},"39":{"start":{"line":91,"column":6},"end":{"line":91,"column":27}},"40":{"start":{"line":94,"column":4},"end":{"line":98,"column":5}},"41":{"start":{"line":95,"column":6},"end":{"line":95,"column":51}},"42":{"start":{"line":97,"column":6},"end":{"line":97,"column":51}},"43":{"start":{"line":101,"column":21},"end":{"line":109,"column":3}},"44":{"start":{"line":102,"column":4},"end":{"line":108,"column":5}},"45":{"start":{"line":103,"column":6},"end":{"line":103,"column":59}},"46":{"start":{"line":104,"column":6},"end":{"line":104,"column":57}},"47":{"start":{"line":106,"column":6},"end":{"line":106,"column":24}},"48":{"start":{"line":107,"column":6},"end":{"line":107,"column":57}},"49":{"start":{"line":111,"column":21},"end":{"line":119,"column":3}},"50":{"start":{"line":112,"column":4},"end":{"line":118,"column":5}},"51":{"start":{"line":113,"column":6},"end":{"line":113,"column":65}},"52":{"start":{"line":114,"column":6},"end":{"line":114,"column":57}},"53":{"start":{"line":116,"column":6},"end":{"line":116,"column":24}},"54":{"start":{"line":117,"column":6},"end":{"line":117,"column":57}},"55":{"start":{"line":121,"column":19},"end":{"line":139,"column":3}},"56":{"start":{"line":122,"column":18},"end":{"line":122,"column":28}},"57":{"start":{"line":123,"column":22},"end":{"line":123,"column":47}},"58":{"start":{"line":126,"column":6},"end":{"line":132,"column":12}},"59":{"start":{"line":134,"column":4},"end":{"line":138,"column":5}},"60":{"start":{"line":135,"column":6},"end":{"line":135,"column":53}},"61":{"start":{"line":137,"column":6},"end":{"line":137,"column":27}},"62":{"start":{"line":141,"column":23},"end":{"line":147,"column":3}},"63":{"start":{"line":142,"column":4},"end":{"line":146,"column":5}},"64":{"start":{"line":143,"column":6},"end":{"line":143,"column":72}},"65":{"start":{"line":145,"column":6},"end":{"line":145,"column":26}},"66":{"start":{"line":149,"column":24},"end":{"line":155,"column":3}},"67":{"start":{"line":150,"column":4},"end":{"line":154,"column":5}},"68":{"start":{"line":151,"column":6},"end":{"line":151,"column":42}},"69":{"start":{"line":153,"column":6},"end":{"line":153,"column":27}},"70":{"start":{"line":157,"column":31},"end":{"line":163,"column":3}},"71":{"start":{"line":158,"column":4},"end":{"line":162,"column":5}},"72":{"start":{"line":159,"column":6},"end":{"line":159,"column":57}},"73":{"start":{"line":161,"column":6},"end":{"line":161,"column":34}},"74":{"start":{"line":165,"column":2},"end":{"line":234,"column":5}},"75":{"start":{"line":167,"column":4},"end":{"line":170,"column":16}},"76":{"start":{"line":172,"column":4},"end":{"line":176,"column":5}},"77":{"start":{"line":173,"column":6},"end":{"line":173,"column":51}},"78":{"start":{"line":175,"column":6},"end":{"line":175,"column":51}},"79":{"start":{"line":178,"column":4},"end":{"line":182,"column":5}},"80":{"start":{"line":179,"column":6},"end":{"line":179,"column":57}},"81":{"start":{"line":181,"column":6},"end":{"line":181,"column":57}},"82":{"start":{"line":184,"column":4},"end":{"line":188,"column":5}},"83":{"start":{"line":185,"column":6},"end":{"line":185,"column":57}},"84":{"start":{"line":187,"column":6},"end":{"line":187,"column":57}},"85":{"start":{"line":190,"column":4},"end":{"line":194,"column":5}},"86":{"start":{"line":191,"column":6},"end":{"line":191,"column":60}},"87":{"start":{"line":193,"column":6},"end":{"line":193,"column":60}},"88":{"start":{"line":196,"column":4},"end":{"line":200,"column":5}},"89":{"start":{"line":197,"column":6},"end":{"line":197,"column":59}},"90":{"start":{"line":199,"column":6},"end":{"line":199,"column":59}},"91":{"start":{"line":202,"column":4},"end":{"line":206,"column":5}},"92":{"start":{"line":203,"column":6},"end":{"line":203,"column":60}},"93":{"start":{"line":205,"column":6},"end":{"line":205,"column":60}},"94":{"start":{"line":208,"column":4},"end":{"line":212,"column":5}},"95":{"start":{"line":209,"column":6},"end":{"line":209,"column":67}},"96":{"start":{"line":211,"column":6},"end":{"line":211,"column":67}},"97":{"start":{"line":214,"column":4},"end":{"line":222,"column":6}},"98":{"start":{"line":216,"column":6},"end":{"line":221,"column":28}},"99":{"start":{"line":236,"column":27},"end":{"line":240,"column":3}},"100":{"start":{"line":237,"column":25},"end":{"line":237,"column":39}},"101":{"start":{"line":238,"column":4},"end":{"line":238,"column":30}},"102":{"start":{"line":239,"column":4},"end":{"line":239,"column":32}},"103":{"start":{"line":242,"column":28},"end":{"line":246,"column":3}},"104":{"start":{"line":243,"column":25},"end":{"line":243,"column":39}},"105":{"start":{"line":244,"column":4},"end":{"line":244,"column":27}},"106":{"start":{"line":245,"column":4},"end":{"line":245,"column":29}},"107":{"start":{"line":248,"column":28},"end":{"line":252,"column":3}},"108":{"start":{"line":249,"column":25},"end":{"line":249,"column":39}},"109":{"start":{"line":250,"column":4},"end":{"line":250,"column":27}},"110":{"start":{"line":251,"column":4},"end":{"line":251,"column":29}},"111":{"start":{"line":254,"column":30},"end":{"line":258,"column":3}},"112":{"start":{"line":255,"column":25},"end":{"line":255,"column":39}},"113":{"start":{"line":256,"column":4},"end":{"line":256,"column":29}},"114":{"start":{"line":257,"column":4},"end":{"line":257,"column":31}},"115":{"start":{"line":260,"column":31},"end":{"line":264,"column":3}},"116":{"start":{"line":261,"column":25},"end":{"line":261,"column":39}},"117":{"start":{"line":262,"column":4},"end":{"line":262,"column":30}},"118":{"start":{"line":263,"column":4},"end":{"line":263,"column":32}},"119":{"start":{"line":266,"column":38},"end":{"line":270,"column":3}},"120":{"start":{"line":267,"column":25},"end":{"line":267,"column":39}},"121":{"start":{"line":268,"column":4},"end":{"line":268,"column":37}},"122":{"start":{"line":269,"column":4},"end":{"line":269,"column":39}},"123":{"start":{"line":272,"column":23},"end":{"line":298,"column":3}},"124":{"start":{"line":273,"column":4},"end":{"line":273,"column":23}},"125":{"start":{"line":275,"column":4},"end":{"line":297,"column":5}},"126":{"start":{"line":284,"column":19},"end":{"line":293,"column":7}},"127":{"start":{"line":295,"column":6},"end":{"line":295,"column":31}},"128":{"start":{"line":296,"column":6},"end":{"line":296,"column":20}},"129":{"start":{"line":300,"column":2},"end":{"line":421,"column":4}},"130":{"start":{"line":362,"column":20},"end":{"line":362,"column":49}},"131":{"start":{"line":363,"column":20},"end":{"line":363,"column":45}}},"fnMap":{"0":{"name":"(anonymous_0)","decl":{"start":{"line":43,"column":17},"end":{"line":43,"column":18}},"loc":{"start":{"line":43,"column":23},"end":{"line":422,"column":1}},"line":43},"1":{"name":"(anonymous_1)","decl":{"start":{"line":67,"column":12},"end":{"line":67,"column":13}},"loc":{"start":{"line":67,"column":18},"end":{"line":76,"column":3}},"line":67},"2":{"name":"(anonymous_2)","decl":{"start":{"line":70,"column":12},"end":{"line":70,"column":13}},"loc":{"start":{"line":70,"column":26},"end":{"line":70,"column":41}},"line":70},"3":{"name":"(anonymous_3)","decl":{"start":{"line":71,"column":12},"end":{"line":71,"column":13}},"loc":{"start":{"line":71,"column":22},"end":{"line":74,"column":7}},"line":71},"4":{"name":"(anonymous_4)","decl":{"start":{"line":72,"column":42},"end":{"line":72,"column":43}},"loc":{"start":{"line":72,"column":52},"end":{"line":72,"column":65}},"line":72},"5":{"name":"(anonymous_5)","decl":{"start":{"line":75,"column":13},"end":{"line":75,"column":14}},"loc":{"start":{"line":75,"column":24},"end":{"line":75,"column":73}},"line":75},"6":{"name":"(anonymous_6)","decl":{"start":{"line":78,"column":24},"end":{"line":78,"column":25}},"loc":{"start":{"line":78,"column":40},"end":{"line":99,"column":3}},"line":78},"7":{"name":"(anonymous_7)","decl":{"start":{"line":101,"column":21},"end":{"line":101,"column":22}},"loc":{"start":{"line":101,"column":37},"end":{"line":109,"column":3}},"line":101},"8":{"name":"(anonymous_8)","decl":{"start":{"line":111,"column":21},"end":{"line":111,"column":22}},"loc":{"start":{"line":111,"column":37},"end":{"line":119,"column":3}},"line":111},"9":{"name":"(anonymous_9)","decl":{"start":{"line":121,"column":19},"end":{"line":121,"column":20}},"loc":{"start":{"line":121,"column":40},"end":{"line":139,"column":3}},"line":121},"10":{"name":"(anonymous_10)","decl":{"start":{"line":141,"column":23},"end":{"line":141,"column":24}},"loc":{"start":{"line":141,"column":37},"end":{"line":147,"column":3}},"line":141},"11":{"name":"(anonymous_11)","decl":{"start":{"line":149,"column":24},"end":{"line":149,"column":25}},"loc":{"start":{"line":149,"column":43},"end":{"line":155,"column":3}},"line":149},"12":{"name":"(anonymous_12)","decl":{"start":{"line":157,"column":31},"end":{"line":157,"column":32}},"loc":{"start":{"line":157,"column":52},"end":{"line":163,"column":3}},"line":157},"13":{"name":"(anonymous_13)","decl":{"start":{"line":165,"column":12},"end":{"line":165,"column":13}},"loc":{"start":{"line":165,"column":18},"end":{"line":223,"column":3}},"line":165},"14":{"name":"(anonymous_14)","decl":{"start":{"line":214,"column":11},"end":{"line":214,"column":12}},"loc":{"start":{"line":214,"column":17},"end":{"line":222,"column":5}},"line":214},"15":{"name":"(anonymous_15)","decl":{"start":{"line":236,"column":27},"end":{"line":236,"column":28}},"loc":{"start":{"line":236,"column":34},"end":{"line":240,"column":3}},"line":236},"16":{"name":"(anonymous_16)","decl":{"start":{"line":242,"column":28},"end":{"line":242,"column":29}},"loc":{"start":{"line":242,"column":35},"end":{"line":246,"column":3}},"line":242},"17":{"name":"(anonymous_17)","decl":{"start":{"line":248,"column":28},"end":{"line":248,"column":29}},"loc":{"start":{"line":248,"column":35},"end":{"line":252,"column":3}},"line":248},"18":{"name":"(anonymous_18)","decl":{"start":{"line":254,"column":30},"end":{"line":254,"column":31}},"loc":{"start":{"line":254,"column":37},"end":{"line":258,"column":3}},"line":254},"19":{"name":"(anonymous_19)","decl":{"start":{"line":260,"column":31},"end":{"line":260,"column":32}},"loc":{"start":{"line":260,"column":38},"end":{"line":264,"column":3}},"line":260},"20":{"name":"(anonymous_20)","decl":{"start":{"line":266,"column":38},"end":{"line":266,"column":39}},"loc":{"start":{"line":266,"column":45},"end":{"line":270,"column":3}},"line":266},"21":{"name":"(anonymous_21)","decl":{"start":{"line":272,"column":23},"end":{"line":272,"column":24}},"loc":{"start":{"line":272,"column":36},"end":{"line":298,"column":3}},"line":272},"22":{"name":"(anonymous_22)","decl":{"start":{"line":361,"column":28},"end":{"line":361,"column":29}},"loc":{"start":{"line":361,"column":35},"end":{"line":364,"column":19}},"line":361}},"branchMap":{"0":{"loc":{"start":{"line":81,"column":4},"end":{"line":92,"column":5}},"type":"if","locations":[{"start":{"line":81,"column":4},"end":{"line":92,"column":5}},{"start":{"line":84,"column":11},"end":{"line":92,"column":5}}],"line":81},"1":{"loc":{"start":{"line":84,"column":11},"end":{"line":92,"column":5}},"type":"if","locations":[{"start":{"line":84,"column":11},"end":{"line":92,"column":5}},{"start":{"line":87,"column":11},"end":{"line":92,"column":5}}],"line":84},"2":{"loc":{"start":{"line":87,"column":11},"end":{"line":92,"column":5}},"type":"if","locations":[{"start":{"line":87,"column":11},"end":{"line":92,"column":5}},{"start":{"line":90,"column":11},"end":{"line":92,"column":5}}],"line":87},"3":{"loc":{"start":{"line":94,"column":4},"end":{"line":98,"column":5}},"type":"if","locations":[{"start":{"line":94,"column":4},"end":{"line":98,"column":5}},{"start":{"line":96,"column":11},"end":{"line":98,"column":5}}],"line":94},"4":{"loc":{"start":{"line":102,"column":4},"end":{"line":108,"column":5}},"type":"if","locations":[{"start":{"line":102,"column":4},"end":{"line":108,"column":5}},{"start":{"line":105,"column":11},"end":{"line":108,"column":5}}],"line":102},"5":{"loc":{"start":{"line":112,"column":4},"end":{"line":118,"column":5}},"type":"if","locations":[{"start":{"line":112,"column":4},"end":{"line":118,"column":5}},{"start":{"line":115,"column":11},"end":{"line":118,"column":5}}],"line":112},"6":{"loc":{"start":{"line":128,"column":7},"end":{"line":132,"column":11}},"type":"cond-expr","locations":[{"start":{"line":131,"column":10},"end":{"line":131,"column":11}},{"start":{"line":132,"column":10},"end":{"line":132,"column":11}}],"line":128},"7":{"loc":{"start":{"line":128,"column":7},"end":{"line":130,"column":46}},"type":"binary-expr","locations":[{"start":{"line":128,"column":7},"end":{"line":128,"column":46}},{"start":{"line":129,"column":7},"end":{"line":129,"column":48}},{"start":{"line":130,"column":8},"end":{"line":130,"column":45}}],"line":128},"8":{"loc":{"start":{"line":134,"column":4},"end":{"line":138,"column":5}},"type":"if","locations":[{"start":{"line":134,"column":4},"end":{"line":138,"column":5}},{"start":{"line":136,"column":11},"end":{"line":138,"column":5}}],"line":134},"9":{"loc":{"start":{"line":142,"column":4},"end":{"line":146,"column":5}},"type":"if","locations":[{"start":{"line":142,"column":4},"end":{"line":146,"column":5}},{"start":{"line":144,"column":11},"end":{"line":146,"column":5}}],"line":142},"10":{"loc":{"start":{"line":150,"column":4},"end":{"line":154,"column":5}},"type":"if","locations":[{"start":{"line":150,"column":4},"end":{"line":154,"column":5}},{"start":{"line":152,"column":11},"end":{"line":154,"column":5}}],"line":150},"11":{"loc":{"start":{"line":158,"column":4},"end":{"line":162,"column":5}},"type":"if","locations":[{"start":{"line":158,"column":4},"end":{"line":162,"column":5}},{"start":{"line":160,"column":11},"end":{"line":162,"column":5}}],"line":158},"12":{"loc":{"start":{"line":172,"column":4},"end":{"line":176,"column":5}},"type":"if","locations":[{"start":{"line":172,"column":4},"end":{"line":176,"column":5}},{"start":{"line":174,"column":11},"end":{"line":176,"column":5}}],"line":172},"13":{"loc":{"start":{"line":178,"column":4},"end":{"line":182,"column":5}},"type":"if","locations":[{"start":{"line":178,"column":4},"end":{"line":182,"column":5}},{"start":{"line":180,"column":11},"end":{"line":182,"column":5}}],"line":178},"14":{"loc":{"start":{"line":184,"column":4},"end":{"line":188,"column":5}},"type":"if","locations":[{"start":{"line":184,"column":4},"end":{"line":188,"column":5}},{"start":{"line":186,"column":11},"end":{"line":188,"column":5}}],"line":184},"15":{"loc":{"start":{"line":190,"column":4},"end":{"line":194,"column":5}},"type":"if","locations":[{"start":{"line":190,"column":4},"end":{"line":194,"column":5}},{"start":{"line":192,"column":11},"end":{"line":194,"column":5}}],"line":190},"16":{"loc":{"start":{"line":196,"column":4},"end":{"line":200,"column":5}},"type":"if","locations":[{"start":{"line":196,"column":4},"end":{"line":200,"column":5}},{"start":{"line":198,"column":11},"end":{"line":200,"column":5}}],"line":196},"17":{"loc":{"start":{"line":202,"column":4},"end":{"line":206,"column":5}},"type":"if","locations":[{"start":{"line":202,"column":4},"end":{"line":206,"column":5}},{"start":{"line":204,"column":11},"end":{"line":206,"column":5}}],"line":202},"18":{"loc":{"start":{"line":208,"column":4},"end":{"line":212,"column":5}},"type":"if","locations":[{"start":{"line":208,"column":4},"end":{"line":212,"column":5}},{"start":{"line":210,"column":11},"end":{"line":212,"column":5}}],"line":208},"19":{"loc":{"start":{"line":275,"column":4},"end":{"line":297,"column":5}},"type":"if","locations":[{"start":{"line":275,"column":4},"end":{"line":297,"column":5}},{"start":{},"end":{}}],"line":275},"20":{"loc":{"start":{"line":276,"column":6},"end":{"line":282,"column":27}},"type":"binary-expr","locations":[{"start":{"line":276,"column":6},"end":{"line":276,"column":20}},{"start":{"line":277,"column":6},"end":{"line":277,"column":17}},{"start":{"line":278,"column":6},"end":{"line":278,"column":17}},{"start":{"line":279,"column":6},"end":{"line":279,"column":20}},{"start":{"line":280,"column":6},"end":{"line":280,"column":19}},{"start":{"line":281,"column":6},"end":{"line":281,"column":20}},{"start":{"line":282,"column":6},"end":{"line":282,"column":27}}],"line":276}},"s":{"0":0,"1":0,"2":0,"3":0,"4":0,"5":0,"6":0,"7":0,"8":0,"9":0,"10":0,"11":0,"12":0,"13":0,"14":0,"15":0,"16":0,"17":0,"18":0,"19":0,"20":0,"21":0,"22":0,"23":0,"24":0,"25":0,"26":0,"27":0,"28":0,"29":0,"30":0,"31":0,"32":0,"33":0,"34":0,"35":0,"36":0,"37":0,"38":0,"39":0,"40":0,"41":0,"42":0,"43":0,"44":0,"45":0,"46":0,"47":0,"48":0,"49":0,"50":0,"51":0,"52":0,"53":0,"54":0,"55":0,"56":0,"57":0,"58":0,"59":0,"60":0,"61":0,"62":0,"63":0,"64":0,"65":0,"66":0,"67":0,"68":0,"69":0,"70":0,"71":0,"72":0,"73":0,"74":0,"75":0,"76":0,"77":0,"78":0,"79":0,"80":0,"81":0,"82":0,"83":0,"84":0,"85":0,"86":0,"87":0,"88":0,"89":0,"90":0,"91":0,"92":0,"93":0,"94":0,"95":0,"96":0,"97":0,"98":0,"99":0,"100":0,"101":0,"102":0,"103":0,"104":0,"105":0,"106":0,"107":0,"108":0,"109":0,"110":0,"111":0,"112":0,"113":0,"114":0,"115":0,"116":0,"117":0,"118":0,"119":0,"120":0,"121":0,"122":0,"123":0,"124":0,"125":0,"126":0,"127":0,"128":0,"129":0,"130":0,"131":0},"f":{"0":0,"1":0,"2":0,"3":0,"4":0,"5":0,"6":0,"7":0,"8":0,"9":0,"10":0,"11":0,"12":0,"13":0,"14":0,"15":0,"16":0,"17":0,"18":0,"19":0,"20":0,"21":0,"22":0},"b":{"0":[0,0],"1":[0,0],"2":[0,0],"3":[0,0],"4":[0,0],"5":[0,0],"6":[0,0],"7":[0,0,0],"8":[0,0],"9":[0,0],"10":[0,0],"11":[0,0],"12":[0,0],"13":[0,0],"14":[0,0],"15":[0,0],"16":[0,0],"17":[0,0],"18":[0,0],"19":[0,0],"20":[0,0,0,0,0,0,0]}}
,"/Users/joannewang/Downloads/hw4/src/reducer/authReducer.js": {"path":"/Users/joannewang/Downloads/hw4/src/reducer/authReducer.js","statementMap":{"0":{"start":{"line":5,"column":21},"end":{"line":9,"column":1}},"1":{"start":{"line":11,"column":20},"end":{"line":29,"column":2}},"2":{"start":{"line":13,"column":4},"end":{"line":13,"column":39}},"3":{"start":{"line":14,"column":4},"end":{"line":14,"column":28}},"4":{"start":{"line":15,"column":4},"end":{"line":15,"column":49}},"5":{"start":{"line":18,"column":4},"end":{"line":18,"column":39}},"6":{"start":{"line":19,"column":4},"end":{"line":19,"column":28}},"7":{"start":{"line":20,"column":4},"end":{"line":20,"column":49}},"8":{"start":{"line":23,"column":4},"end":{"line":23,"column":44}},"9":{"start":{"line":24,"column":4},"end":{"line":24,"column":36}},"10":{"start":{"line":25,"column":4},"end":{"line":25,"column":44}},"11":{"start":{"line":26,"column":4},"end":{"line":26,"column":29}},"12":{"start":{"line":27,"column":4},"end":{"line":27,"column":29}},"13":{"start":{"line":33,"column":26},"end":{"line":33,"column":59}},"14":{"start":{"line":33,"column":37},"end":{"line":33,"column":59}},"15":{"start":{"line":34,"column":32},"end":{"line":34,"column":64}},"16":{"start":{"line":34,"column":43},"end":{"line":34,"column":64}}},"fnMap":{"0":{"name":"(anonymous_0)","decl":{"start":{"line":12,"column":11},"end":{"line":12,"column":12}},"loc":{"start":{"line":12,"column":30},"end":{"line":16,"column":3}},"line":12},"1":{"name":"(anonymous_1)","decl":{"start":{"line":17,"column":14},"end":{"line":17,"column":15}},"loc":{"start":{"line":17,"column":33},"end":{"line":21,"column":3}},"line":17},"2":{"name":"(anonymous_2)","decl":{"start":{"line":22,"column":12},"end":{"line":22,"column":13}},"loc":{"start":{"line":22,"column":23},"end":{"line":28,"column":3}},"line":22},"3":{"name":"(anonymous_3)","decl":{"start":{"line":33,"column":26},"end":{"line":33,"column":27}},"loc":{"start":{"line":33,"column":37},"end":{"line":33,"column":59}},"line":33},"4":{"name":"(anonymous_4)","decl":{"start":{"line":34,"column":32},"end":{"line":34,"column":33}},"loc":{"start":{"line":34,"column":43},"end":{"line":34,"column":64}},"line":34}},"branchMap":{},"s":{"0":4,"1":4,"2":0,"3":0,"4":0,"5":0,"6":0,"7":0,"8":0,"9":0,"10":0,"11":0,"12":0,"13":4,"14":36,"15":4,"16":0},"f":{"0":0,"1":0,"2":0,"3":36,"4":0},"b":{},"_coverageSchema":"1a1c01bbd47fc00a2c39e90264f33305004495a9","hash":"28388f1619a06b3f28516f4d48692f61d2179a87"}
,"/Users/joannewang/Downloads/hw4/src/reducer/followedUsersReducer.js": {"path":"/Users/joannewang/Downloads/hw4/src/reducer/followedUsersReducer.js","statementMap":{"0":{"start":{"line":2,"column":21},"end":{"line":2,"column":23}},"1":{"start":{"line":4,"column":31},"end":{"line":7,"column":2}},"2":{"start":{"line":4,"column":42},"end":{"line":7,"column":1}},"3":{"start":{"line":9,"column":34},"end":{"line":12,"column":2}},"4":{"start":{"line":9,"column":45},"end":{"line":12,"column":1}},"5":{"start":{"line":14,"column":32},"end":{"line":17,"column":2}},"6":{"start":{"line":14,"column":44},"end":{"line":17,"column":1}},"7":{"start":{"line":19,"column":36},"end":{"line":38,"column":1}},"8":{"start":{"line":20,"column":2},"end":{"line":37,"column":3}},"9":{"start":{"line":22,"column":23},"end":{"line":22,"column":49}},"10":{"start":{"line":24,"column":6},"end":{"line":24,"column":22}},"11":{"start":{"line":27,"column":23},"end":{"line":27,"column":76}},"12":{"start":{"line":27,"column":46},"end":{"line":27,"column":75}},"13":{"start":{"line":28,"column":6},"end":{"line":28,"column":69}},"14":{"start":{"line":29,"column":6},"end":{"line":29,"column":22}},"15":{"start":{"line":32,"column":6},"end":{"line":32,"column":73}},"16":{"start":{"line":33,"column":6},"end":{"line":33,"column":28}},"17":{"start":{"line":36,"column":6},"end":{"line":36,"column":19}},"18":{"start":{"line":40,"column":35},"end":{"line":40,"column":65}},"19":{"start":{"line":40,"column":46},"end":{"line":40,"column":65}}},"fnMap":{"0":{"name":"(anonymous_0)","decl":{"start":{"line":4,"column":31},"end":{"line":4,"column":32}},"loc":{"start":{"line":4,"column":42},"end":{"line":7,"column":1}},"line":4},"1":{"name":"(anonymous_1)","decl":{"start":{"line":9,"column":34},"end":{"line":9,"column":35}},"loc":{"start":{"line":9,"column":45},"end":{"line":12,"column":1}},"line":9},"2":{"name":"(anonymous_2)","decl":{"start":{"line":14,"column":32},"end":{"line":14,"column":33}},"loc":{"start":{"line":14,"column":44},"end":{"line":17,"column":1}},"line":14},"3":{"name":"(anonymous_3)","decl":{"start":{"line":19,"column":36},"end":{"line":19,"column":37}},"loc":{"start":{"line":19,"column":70},"end":{"line":38,"column":1}},"line":19},"4":{"name":"(anonymous_4)","decl":{"start":{"line":27,"column":36},"end":{"line":27,"column":37}},"loc":{"start":{"line":27,"column":46},"end":{"line":27,"column":75}},"line":27},"5":{"name":"(anonymous_5)","decl":{"start":{"line":40,"column":35},"end":{"line":40,"column":36}},"loc":{"start":{"line":40,"column":46},"end":{"line":40,"column":65}},"line":40}},"branchMap":{"0":{"loc":{"start":{"line":19,"column":37},"end":{"line":19,"column":57}},"type":"default-arg","locations":[{"start":{"line":19,"column":45},"end":{"line":19,"column":57}}],"line":19},"1":{"loc":{"start":{"line":20,"column":2},"end":{"line":37,"column":3}},"type":"switch","locations":[{"start":{"line":21,"column":4},"end":{"line":25,"column":5}},{"start":{"line":26,"column":4},"end":{"line":30,"column":5}},{"start":{"line":31,"column":4},"end":{"line":34,"column":5}},{"start":{"line":35,"column":4},"end":{"line":36,"column":19}}],"line":20}},"s":{"0":1,"1":1,"2":2,"3":1,"4":1,"5":1,"6":0,"7":1,"8":2,"9":1,"10":1,"11":1,"12":0,"13":1,"14":1,"15":0,"16":0,"17":0,"18":1,"19":14},"f":{"0":2,"1":1,"2":0,"3":2,"4":0,"5":14},"b":{"0":[0],"1":[1,1,0,0]},"_coverageSchema":"1a1c01bbd47fc00a2c39e90264f33305004495a9","hash":"c34eee9f8d2c66e2ccc1d326973dd2119ea1d545"}
,"/Users/joannewang/Downloads/hw4/src/reducer/postsReducer.js": {"path":"/Users/joannewang/Downloads/hw4/src/reducer/postsReducer.js","statementMap":{"0":{"start":{"line":10,"column":21},"end":{"line":31,"column":1}},"1":{"start":{"line":33,"column":21},"end":{"line":59,"column":1}},"2":{"start":{"line":34,"column":2},"end":{"line":58,"column":3}},"3":{"start":{"line":36,"column":6},"end":{"line":39,"column":8}},"4":{"start":{"line":41,"column":6},"end":{"line":44,"column":8}},"5":{"start":{"line":46,"column":6},"end":{"line":49,"column":8}},"6":{"start":{"line":51,"column":6},"end":{"line":54,"column":8}},"7":{"start":{"line":57,"column":6},"end":{"line":57,"column":19}},"8":{"start":{"line":61,"column":27},"end":{"line":61,"column":55}},"9":{"start":{"line":61,"column":38},"end":{"line":61,"column":55}},"10":{"start":{"line":62,"column":30},"end":{"line":62,"column":61}},"11":{"start":{"line":62,"column":41},"end":{"line":62,"column":61}}},"fnMap":{"0":{"name":"(anonymous_0)","decl":{"start":{"line":33,"column":21},"end":{"line":33,"column":22}},"loc":{"start":{"line":33,"column":55},"end":{"line":59,"column":1}},"line":33},"1":{"name":"(anonymous_1)","decl":{"start":{"line":61,"column":27},"end":{"line":61,"column":28}},"loc":{"start":{"line":61,"column":38},"end":{"line":61,"column":55}},"line":61},"2":{"name":"(anonymous_2)","decl":{"start":{"line":62,"column":30},"end":{"line":62,"column":31}},"loc":{"start":{"line":62,"column":41},"end":{"line":62,"column":61}},"line":62}},"branchMap":{"0":{"loc":{"start":{"line":33,"column":22},"end":{"line":33,"column":42}},"type":"default-arg","locations":[{"start":{"line":33,"column":30},"end":{"line":33,"column":42}}],"line":33},"1":{"loc":{"start":{"line":34,"column":2},"end":{"line":58,"column":3}},"type":"switch","locations":[{"start":{"line":35,"column":4},"end":{"line":39,"column":8}},{"start":{"line":40,"column":4},"end":{"line":44,"column":8}},{"start":{"line":45,"column":4},"end":{"line":49,"column":8}},{"start":{"line":50,"column":4},"end":{"line":54,"column":8}},{"start":{"line":56,"column":4},"end":{"line":57,"column":19}}],"line":34}},"s":{"0":1,"1":1,"2":0,"3":0,"4":0,"5":0,"6":0,"7":0,"8":1,"9":14,"10":1,"11":0},"f":{"0":0,"1":14,"2":0},"b":{"0":[0],"1":[0,0,0,0,0]},"_coverageSchema":"1a1c01bbd47fc00a2c39e90264f33305004495a9","hash":"51c1e3d25c04325c9c70c09900e3027086fe7ff1"}
}
