TN:
SF:src/App.js
FN:33,(anonymous_0)
FN:70,(anonymous_1)
FN:71,(anonymous_2)
FN:80,(anonymous_3)
FN:81,(anonymous_4)
FN:90,App
FN:91,(anonymous_6)
FNF:7
FNH:0
FNDA:0,(anonymous_0)
FNDA:0,(anonymous_1)
FNDA:0,(anonymous_2)
FNDA:0,(anonymous_3)
FNDA:0,(anonymous_4)
FNDA:0,App
FNDA:0,(anonymous_6)
DA:27,0
DA:33,0
DA:34,0
DA:70,0
DA:71,0
DA:73,0
DA:74,0
DA:77,0
DA:80,0
DA:81,0
DA:83,0
DA:84,0
DA:87,0
DA:91,0
DA:92,0
DA:93,0
DA:95,0
LF:17
LH:0
BRDA:73,0,0,0
BRDA:73,0,1,0
BRDA:83,1,0,0
BRDA:83,1,1,0
BRDA:106,2,0,0
BRDA:106,2,1,0
BRF:6
BRH:0
end_of_record
TN:
SF:src/store.js
FNF:0
FNH:0
DA:13,0
DA:19,0
DA:25,0
DA:27,0
DA:36,0
LF:5
LH:0
BRF:0
BRH:0
end_of_record
TN:
SF:src/actions/authActions.js
FNF:0
FNH:0
DA:4,4
DA:5,4
DA:6,4
LF:3
LH:3
BRF:0
BRH:0
end_of_record
TN:
SF:src/actions/postsActions.js
FN:8,(anonymous_0)
FN:13,(anonymous_1)
FN:18,(anonymous_2)
FN:23,(anonymous_3)
FNF:4
FNH:1
FNDA:0,(anonymous_0)
FNDA:7,(anonymous_1)
FNDA:0,(anonymous_2)
FNDA:0,(anonymous_3)
DA:3,1
DA:4,1
DA:5,1
DA:6,1
DA:8,1
DA:13,7
DA:18,1
DA:23,1
LF:8
LH:8
BRF:0
BRH:0
end_of_record
TN:
SF:src/components/comments/Comments.jsx
FN:34,(anonymous_0)
FN:40,(anonymous_1)
FN:63,(anonymous_2)
FN:65,(anonymous_3)
FN:67,(anonymous_4)
FNF:5
FNH:0
FNDA:0,(anonymous_0)
FNDA:0,(anonymous_1)
FNDA:0,(anonymous_2)
FNDA:0,(anonymous_3)
FNDA:0,(anonymous_4)
DA:11,1
DA:24,1
DA:34,1
DA:35,0
DA:36,0
DA:37,0
DA:38,0
DA:40,0
DA:41,0
DA:42,0
DA:50,0
DA:51,0
DA:55,0
DA:63,0
DA:65,0
DA:68,0
LF:16
LH:3
BRDA:41,0,0,0
BRDA:41,0,1,0
BRF:2
BRH:0
end_of_record
TN:
SF:src/components/modal/EditProfileModal.jsx
FN:63,(anonymous_0)
FN:78,(anonymous_1)
FN:94,(anonymous_2)
FN:116,(anonymous_3)
FN:128,(anonymous_4)
FN:140,(anonymous_5)
FN:152,(anonymous_6)
FN:164,(anonymous_7)
FN:166,(anonymous_8)
FN:185,(anonymous_9)
FNF:10
FNH:0
FNDA:0,(anonymous_0)
FNDA:0,(anonymous_1)
FNDA:0,(anonymous_2)
FNDA:0,(anonymous_3)
FNDA:0,(anonymous_4)
FNDA:0,(anonymous_5)
FNDA:0,(anonymous_6)
FNDA:0,(anonymous_7)
FNDA:0,(anonymous_8)
FNDA:0,(anonymous_9)
DA:10,0
DA:12,0
DA:40,0
DA:63,0
DA:64,0
DA:65,0
DA:66,0
DA:67,0
DA:68,0
DA:70,0
DA:78,0
DA:79,0
DA:80,0
DA:88,0
DA:94,0
DA:95,0
DA:96,0
DA:116,0
DA:117,0
DA:118,0
DA:119,0
DA:123,0
DA:124,0
DA:128,0
DA:129,0
DA:130,0
DA:131,0
DA:135,0
DA:136,0
DA:140,0
DA:141,0
DA:142,0
DA:143,0
DA:147,0
DA:148,0
DA:152,0
DA:153,0
DA:154,0
DA:155,0
DA:159,0
DA:160,0
DA:164,0
DA:165,0
DA:166,0
DA:171,0
DA:172,0
DA:174,0
DA:175,0
DA:177,0
DA:178,0
DA:180,0
DA:181,0
DA:185,0
DA:186,0
DA:188,0
DA:195,0
DA:199,0
LF:57
LH:0
BRDA:79,0,0,0
BRDA:79,0,1,0
BRDA:117,1,0,0
BRDA:117,1,1,0
BRDA:129,2,0,0
BRDA:129,2,1,0
BRDA:141,3,0,0
BRDA:141,3,1,0
BRDA:153,4,0,0
BRDA:153,4,1,0
BRDA:171,5,0,0
BRDA:171,5,1,0
BRDA:174,6,0,0
BRDA:174,6,1,0
BRDA:177,7,0,0
BRDA:177,7,1,0
BRDA:180,8,0,0
BRDA:180,8,1,0
BRDA:188,9,0,0
BRDA:188,9,1,0
BRDA:190,10,0,0
BRDA:190,10,1,0
BRDA:190,10,2,0
BRDA:190,10,3,0
BRF:24
BRH:0
end_of_record
TN:
SF:src/components/navbar/Navbar.jsx
FN:40,(anonymous_0)
FN:57,(anonymous_1)
FN:61,(anonymous_2)
FN:69,(anonymous_3)
FN:76,(anonymous_4)
FN:123,(anonymous_5)
FN:144,(anonymous_6)
FN:151,(anonymous_7)
FN:161,(anonymous_8)
FN:169,(anonymous_9)
FNF:10
FNH:4
FNDA:5,(anonymous_0)
FNDA:0,(anonymous_1)
FNDA:0,(anonymous_2)
FNDA:0,(anonymous_3)
FNDA:1,(anonymous_4)
FNDA:2,(anonymous_5)
FNDA:0,(anonymous_6)
FNDA:0,(anonymous_7)
FNDA:0,(anonymous_8)
FNDA:1,(anonymous_9)
DA:19,1
DA:40,1
DA:42,5
DA:43,4
DA:46,4
DA:49,4
DA:51,4
DA:52,4
DA:54,4
DA:55,4
DA:57,4
DA:58,0
DA:61,4
DA:62,0
DA:63,0
DA:65,0
DA:69,4
DA:70,0
DA:71,0
DA:76,4
DA:79,1
DA:80,1
DA:83,4
DA:123,2
DA:144,0
DA:151,0
DA:161,0
DA:169,1
LF:28
LH:19
BRDA:47,0,0,4
BRDA:47,0,1,4
BRDA:62,1,0,0
BRDA:62,1,1,0
BRF:4
BRH:2
end_of_record
TN:
SF:src/components/post/Post.jsx
FN:12,(anonymous_0)
FN:17,(anonymous_1)
FN:18,(anonymous_2)
FNF:3
FNH:0
FNDA:0,(anonymous_0)
FNDA:0,(anonymous_1)
FNDA:0,(anonymous_2)
DA:12,1
DA:13,0
DA:15,0
DA:17,0
DA:18,0
DA:21,0
LF:6
LH:1
BRDA:46,0,0,0
BRDA:46,0,1,0
BRDA:52,1,0,0
BRDA:52,1,1,0
BRDA:64,2,0,0
BRDA:64,2,1,0
BRF:6
BRH:0
end_of_record
TN:
SF:src/components/posts/Posts.jsx
FN:13,(anonymous_0)
FN:22,(anonymous_1)
FN:33,(anonymous_2)
FN:42,(anonymous_3)
FN:43,(anonymous_4)
FN:50,(anonymous_5)
FN:73,(anonymous_6)
FN:92,(anonymous_7)
FN:100,(anonymous_8)
FNF:9
FNH:6
FNDA:7,(anonymous_0)
FNDA:0,(anonymous_1)
FNDA:7,(anonymous_2)
FNDA:1,(anonymous_3)
FNDA:1,(anonymous_4)
FNDA:7,(anonymous_5)
FNDA:14,(anonymous_6)
FNDA:0,(anonymous_7)
FNDA:0,(anonymous_8)
DA:13,1
DA:14,7
DA:15,7
DA:16,7
DA:17,7
DA:18,7
DA:19,7
DA:22,7
DA:23,0
DA:33,7
DA:34,7
DA:41,7
DA:42,1
DA:43,1
DA:46,7
DA:50,7
DA:51,7
DA:54,7
DA:57,8
DA:61,8
DA:64,8
DA:66,8
DA:68,8
DA:71,8
DA:73,8
DA:74,14
DA:83,8
DA:86,7
DA:89,7
DA:92,7
DA:93,0
DA:96,7
DA:101,0
LF:33
LH:30
BRDA:15,0,0,7
BRDA:15,0,1,7
BRDA:19,1,0,0
BRDA:24,2,0,0
BRDA:24,2,1,0
BRDA:24,3,0,0
BRDA:24,3,1,0
BRDA:27,4,0,0
BRDA:27,4,1,0
BRF:9
BRH:2
end_of_record
TN:
SF:src/components/rightBar/RightBar.jsx
FN:49,(anonymous_0)
FN:60,(anonymous_1)
FN:73,(anonymous_2)
FN:74,(anonymous_3)
FN:75,(anonymous_4)
FN:79,(anonymous_5)
FN:84,(anonymous_6)
FN:95,(anonymous_7)
FN:99,(anonymous_8)
FN:100,(anonymous_9)
FN:102,(anonymous_10)
FN:103,(anonymous_11)
FN:107,(anonymous_12)
FN:120,(anonymous_13)
FN:141,(anonymous_14)
FN:142,(anonymous_15)
FN:164,(anonymous_16)
FN:180,(anonymous_17)
FNF:18
FNH:0
FNDA:0,(anonymous_0)
FNDA:0,(anonymous_1)
FNDA:0,(anonymous_2)
FNDA:0,(anonymous_3)
FNDA:0,(anonymous_4)
FNDA:0,(anonymous_5)
FNDA:0,(anonymous_6)
FNDA:0,(anonymous_7)
FNDA:0,(anonymous_8)
FNDA:0,(anonymous_9)
FNDA:0,(anonymous_10)
FNDA:0,(anonymous_11)
FNDA:0,(anonymous_12)
FNDA:0,(anonymous_13)
FNDA:0,(anonymous_14)
FNDA:0,(anonymous_15)
FNDA:0,(anonymous_16)
FNDA:0,(anonymous_17)
DA:16,0
DA:29,0
DA:39,0
DA:49,0
DA:50,0
DA:51,0
DA:52,0
DA:53,0
DA:54,0
DA:55,0
DA:56,0
DA:58,0
DA:60,0
DA:61,0
DA:63,0
DA:65,0
DA:66,0
DA:72,0
DA:73,0
DA:75,0
DA:76,0
DA:79,0
DA:81,0
DA:84,0
DA:87,0
DA:88,0
DA:91,0
DA:95,0
DA:96,0
DA:99,0
DA:100,0
DA:102,0
DA:103,0
DA:107,0
DA:108,0
DA:109,0
DA:110,0
DA:113,0
DA:115,0
DA:116,0
DA:120,0
DA:124,0
DA:125,0
DA:127,0
DA:130,0
DA:135,0
DA:137,0
DA:142,0
DA:144,0
DA:145,0
DA:148,0
DA:164,0
DA:180,0
LF:53
LH:0
BRDA:63,0,0,0
BRDA:63,0,1,0
BRDA:65,1,0,0
BRDA:65,1,1,0
BRDA:65,2,0,0
BRDA:65,2,1,0
BRDA:108,3,0,0
BRDA:108,3,1,0
BRDA:115,4,0,0
BRDA:115,4,1,0
BRDA:115,5,0,0
BRDA:115,5,1,0
BRDA:144,6,0,0
BRDA:144,6,1,0
BRF:14
BRH:0
end_of_record
TN:
SF:src/components/share/Share.jsx
FN:45,(anonymous_0)
FN:52,(anonymous_1)
FN:56,(anonymous_2)
FN:60,(anonymous_3)
FN:64,(anonymous_4)
FN:74,(anonymous_5)
FNF:6
FNH:1
FNDA:7,(anonymous_0)
FNDA:0,(anonymous_1)
FNDA:0,(anonymous_2)
FNDA:0,(anonymous_3)
FNDA:0,(anonymous_4)
FNDA:0,(anonymous_5)
DA:12,1
DA:26,1
DA:36,1
DA:45,1
DA:46,7
DA:47,7
DA:48,7
DA:49,7
DA:50,7
DA:52,7
DA:53,0
DA:56,7
DA:57,0
DA:60,7
DA:61,0
DA:62,0
DA:63,0
DA:64,0
DA:65,0
DA:67,0
DA:70,0
DA:74,7
DA:75,0
DA:77,0
DA:86,0
DA:87,0
DA:88,0
DA:92,7
LF:28
LH:14
BRDA:62,0,0,0
BRDA:62,0,1,0
BRDA:75,1,0,0
BRDA:75,1,1,0
BRDA:75,2,0,0
BRDA:75,2,1,0
BRDA:117,3,0,7
BRDA:117,3,1,0
BRF:8
BRH:1
end_of_record
TN:
SF:src/context/FilterTermContext.js
FN:6,(anonymous_0)
FN:9,(anonymous_1)
FNF:2
FNH:0
FNDA:0,(anonymous_0)
FNDA:0,(anonymous_1)
DA:4,2
DA:9,2
DA:10,0
DA:12,0
LF:4
LH:2
BRF:0
BRH:0
end_of_record
TN:
SF:src/pages/login/Login.jsx
FN:43,(anonymous_0)
FN:51,(anonymous_1)
FN:113,(anonymous_2)
FN:122,(anonymous_3)
FNF:4
FNH:4
FNDA:7,(anonymous_0)
FNDA:2,(anonymous_1)
FNDA:2,(anonymous_2)
FNDA:2,(anonymous_3)
DA:14,1
DA:34,1
DA:43,1
DA:45,7
DA:46,7
DA:47,7
DA:48,7
DA:49,7
DA:51,7
DA:52,2
DA:54,2
DA:57,2
DA:58,2
DA:59,2
DA:61,2
DA:62,1
DA:63,1
DA:66,1
DA:67,1
DA:68,1
DA:71,1
DA:82,1
DA:83,1
DA:84,1
DA:85,1
DA:87,1
DA:91,7
DA:113,2
DA:122,2
LF:29
LH:29
BRDA:61,0,0,1
BRDA:61,0,1,1
BRDA:61,1,0,2
BRDA:61,1,1,2
BRDA:63,2,0,1
BRDA:63,2,1,0
BRDA:91,3,0,0
BRDA:91,3,1,7
BRF:8
BRH:6
end_of_record
TN:
SF:src/pages/profile/EditProfileModal.mock.js
FN:5,(anonymous_0)
FNF:1
FNH:0
FNDA:0,(anonymous_0)
DA:5,0
DA:6,0
LF:2
LH:0
BRF:0
BRH:0
end_of_record
TN:
SF:src/pages/profile/Profile.jsx
FN:42,(anonymous_0)
FN:52,(anonymous_1)
FN:56,(anonymous_2)
FN:60,(anonymous_3)
FN:79,(anonymous_4)
FN:83,(anonymous_5)
FN:92,(anonymous_6)
FNF:7
FNH:1
FNDA:2,(anonymous_0)
FNDA:0,(anonymous_1)
FNDA:0,(anonymous_2)
FNDA:0,(anonymous_3)
FNDA:0,(anonymous_4)
FNDA:0,(anonymous_5)
FNDA:0,(anonymous_6)
DA:18,1
DA:32,1
DA:42,1
DA:44,2
DA:46,2
DA:48,2
DA:49,2
DA:50,2
DA:52,2
DA:53,0
DA:56,2
DA:57,0
DA:60,2
DA:61,0
DA:71,0
DA:79,2
DA:80,0
DA:81,0
DA:83,0
DA:84,0
DA:87,0
DA:88,0
DA:92,2
DA:93,0
DA:94,0
DA:115,2
LF:26
LH:14
BRDA:44,0,0,2
BRDA:44,0,1,0
BRDA:87,1,0,0
BRDA:87,1,1,0
BRDA:93,2,0,0
BRDA:93,2,1,0
BRDA:125,3,0,2
BRDA:125,3,1,2
BRDA:125,3,2,2
BRDA:125,3,3,0
BRDA:129,4,0,2
BRDA:129,4,1,0
BRDA:170,5,0,2
BRDA:170,5,1,2
BRF:14
BRH:7
end_of_record
TN:
SF:src/pages/register/Register.jsx
FN:43,(anonymous_0)
FN:67,(anonymous_1)
FN:70,(anonymous_2)
FN:71,(anonymous_3)
FN:72,(anonymous_4)
FN:75,(anonymous_5)
FN:78,(anonymous_6)
FN:101,(anonymous_7)
FN:111,(anonymous_8)
FN:121,(anonymous_9)
FN:141,(anonymous_10)
FN:149,(anonymous_11)
FN:157,(anonymous_12)
FN:165,(anonymous_13)
FN:214,(anonymous_14)
FN:236,(anonymous_15)
FN:242,(anonymous_16)
FN:248,(anonymous_17)
FN:254,(anonymous_18)
FN:260,(anonymous_19)
FN:266,(anonymous_20)
FN:272,(anonymous_21)
FN:361,(anonymous_22)
FNF:23
FNH:0
FNDA:0,(anonymous_0)
FNDA:0,(anonymous_1)
FNDA:0,(anonymous_2)
FNDA:0,(anonymous_3)
FNDA:0,(anonymous_4)
FNDA:0,(anonymous_5)
FNDA:0,(anonymous_6)
FNDA:0,(anonymous_7)
FNDA:0,(anonymous_8)
FNDA:0,(anonymous_9)
FNDA:0,(anonymous_10)
FNDA:0,(anonymous_11)
FNDA:0,(anonymous_12)
FNDA:0,(anonymous_13)
FNDA:0,(anonymous_14)
FNDA:0,(anonymous_15)
FNDA:0,(anonymous_16)
FNDA:0,(anonymous_17)
FNDA:0,(anonymous_18)
FNDA:0,(anonymous_19)
FNDA:0,(anonymous_20)
FNDA:0,(anonymous_21)
FNDA:0,(anonymous_22)
DA:14,0
DA:34,0
DA:43,0
DA:44,0
DA:47,0
DA:48,0
DA:49,0
DA:50,0
DA:51,0
DA:52,0
DA:53,0
DA:55,0
DA:56,0
DA:57,0
DA:58,0
DA:59,0
DA:60,0
DA:61,0
DA:63,0
DA:64,0
DA:65,0
DA:67,0
DA:69,0
DA:70,0
DA:72,0
DA:73,0
DA:75,0
DA:78,0
DA:79,0
DA:81,0
DA:82,0
DA:83,0
DA:84,0
DA:85,0
DA:86,0
DA:87,0
DA:88,0
DA:89,0
DA:91,0
DA:94,0
DA:95,0
DA:97,0
DA:101,0
DA:102,0
DA:103,0
DA:104,0
DA:106,0
DA:107,0
DA:111,0
DA:112,0
DA:113,0
DA:114,0
DA:116,0
DA:117,0
DA:121,0
DA:122,0
DA:123,0
DA:126,0
DA:134,0
DA:135,0
DA:137,0
DA:141,0
DA:142,0
DA:143,0
DA:145,0
DA:149,0
DA:150,0
DA:151,0
DA:153,0
DA:157,0
DA:158,0
DA:159,0
DA:161,0
DA:165,0
DA:167,0
DA:172,0
DA:173,0
DA:175,0
DA:178,0
DA:179,0
DA:181,0
DA:184,0
DA:185,0
DA:187,0
DA:190,0
DA:191,0
DA:193,0
DA:196,0
DA:197,0
DA:199,0
DA:202,0
DA:203,0
DA:205,0
DA:208,0
DA:209,0
DA:211,0
DA:214,0
DA:216,0
DA:236,0
DA:237,0
DA:238,0
DA:239,0
DA:242,0
DA:243,0
DA:244,0
DA:245,0
DA:248,0
DA:249,0
DA:250,0
DA:251,0
DA:254,0
DA:255,0
DA:256,0
DA:257,0
DA:260,0
DA:261,0
DA:262,0
DA:263,0
DA:266,0
DA:267,0
DA:268,0
DA:269,0
DA:272,0
DA:273,0
DA:275,0
DA:284,0
DA:295,0
DA:296,0
DA:300,0
DA:362,0
DA:363,0
LF:131
LH:0
BRDA:81,0,0,0
BRDA:81,0,1,0
BRDA:84,1,0,0
BRDA:84,1,1,0
BRDA:87,2,0,0
BRDA:87,2,1,0
BRDA:94,3,0,0
BRDA:94,3,1,0
BRDA:102,4,0,0
BRDA:102,4,1,0
BRDA:112,5,0,0
BRDA:112,5,1,0
BRDA:128,6,0,0
BRDA:128,6,1,0
BRDA:128,7,0,0
BRDA:128,7,1,0
BRDA:128,7,2,0
BRDA:134,8,0,0
BRDA:134,8,1,0
BRDA:142,9,0,0
BRDA:142,9,1,0
BRDA:150,10,0,0
BRDA:150,10,1,0
BRDA:158,11,0,0
BRDA:158,11,1,0
BRDA:172,12,0,0
BRDA:172,12,1,0
BRDA:178,13,0,0
BRDA:178,13,1,0
BRDA:184,14,0,0
BRDA:184,14,1,0
BRDA:190,15,0,0
BRDA:190,15,1,0
BRDA:196,16,0,0
BRDA:196,16,1,0
BRDA:202,17,0,0
BRDA:202,17,1,0
BRDA:208,18,0,0
BRDA:208,18,1,0
BRDA:275,19,0,0
BRDA:275,19,1,0
BRDA:276,20,0,0
BRDA:276,20,1,0
BRDA:276,20,2,0
BRDA:276,20,3,0
BRDA:276,20,4,0
BRDA:276,20,5,0
BRDA:276,20,6,0
BRF:48
BRH:0
end_of_record
TN:
SF:src/reducer/authReducer.js
FN:12,(anonymous_0)
FN:17,(anonymous_1)
FN:22,(anonymous_2)
FN:33,(anonymous_3)
FN:34,(anonymous_4)
FNF:5
FNH:1
FNDA:0,(anonymous_0)
FNDA:0,(anonymous_1)
FNDA:0,(anonymous_2)
FNDA:36,(anonymous_3)
FNDA:0,(anonymous_4)
DA:5,4
DA:11,4
DA:13,0
DA:14,0
DA:15,0
DA:18,0
DA:19,0
DA:20,0
DA:23,0
DA:24,0
DA:25,0
DA:26,0
DA:27,0
DA:33,36
DA:34,4
LF:15
LH:4
BRF:0
BRH:0
end_of_record
TN:
SF:src/reducer/followedUsersReducer.js
FN:4,(anonymous_0)
FN:9,(anonymous_1)
FN:14,(anonymous_2)
FN:19,(anonymous_3)
FN:27,(anonymous_4)
FN:40,(anonymous_5)
FNF:6
FNH:4
FNDA:2,(anonymous_0)
FNDA:1,(anonymous_1)
FNDA:0,(anonymous_2)
FNDA:2,(anonymous_3)
FNDA:0,(anonymous_4)
FNDA:14,(anonymous_5)
DA:2,1
DA:4,2
DA:9,1
DA:14,1
DA:19,1
DA:20,2
DA:22,1
DA:24,1
DA:27,1
DA:28,1
DA:29,1
DA:32,0
DA:33,0
DA:36,0
DA:40,14
LF:15
LH:12
BRDA:19,0,0,0
BRDA:20,1,0,1
BRDA:20,1,1,1
BRDA:20,1,2,0
BRDA:20,1,3,0
BRF:5
BRH:2
end_of_record
TN:
SF:src/reducer/postsReducer.js
FN:33,(anonymous_0)
FN:61,(anonymous_1)
FN:62,(anonymous_2)
FNF:3
FNH:1
FNDA:0,(anonymous_0)
FNDA:14,(anonymous_1)
FNDA:0,(anonymous_2)
DA:10,1
DA:33,1
DA:34,0
DA:36,0
DA:41,0
DA:46,0
DA:51,0
DA:57,0
DA:61,14
DA:62,1
LF:10
LH:4
BRDA:33,0,0,0
BRDA:34,1,0,0
BRDA:34,1,1,0
BRDA:34,1,2,0
BRDA:34,1,3,0
BRDA:34,1,4,0
BRF:6
BRH:0
end_of_record
